{"C:\\Users\\User\\Desktop\\andela\\overflow\\overflow-api\\overflow-api-v1\\server\\test\\controllers\\test_answerController.js":{"path":"C:\\Users\\User\\Desktop\\andela\\overflow\\overflow-api\\overflow-api-v1\\server\\test\\controllers\\test_answerController.js","statementMap":{"0":{"start":{"line":3,"column":12},"end":{"line":3,"column":27}},"1":{"start":{"line":5,"column":13},"end":{"line":5,"column":42}},"2":{"start":{"line":7,"column":16},"end":{"line":7,"column":36}},"3":{"start":{"line":9,"column":17},"end":{"line":9,"column":50}},"4":{"start":{"line":11,"column":11},"end":{"line":11,"column":34}},"5":{"start":{"line":13,"column":12},"end":{"line":13,"column":40}},"6":{"start":{"line":15,"column":39},"end":{"line":15,"column":93}},"7":{"start":{"line":17,"column":0},"end":{"line":17,"column":39}},"8":{"start":{"line":18,"column":13},"end":{"line":18,"column":34}},"9":{"start":{"line":21,"column":16},"end":{"line":21,"column":22}},"10":{"start":{"line":23,"column":0},"end":{"line":143,"column":3}},"11":{"start":{"line":27,"column":2},"end":{"line":107,"column":5}},"12":{"start":{"line":28,"column":4},"end":{"line":37,"column":7}},"13":{"start":{"line":29,"column":24},"end":{"line":32,"column":7}},"14":{"start":{"line":33,"column":6},"end":{"line":36,"column":9}},"15":{"start":{"line":34,"column":8},"end":{"line":34,"column":35}},"16":{"start":{"line":35,"column":8},"end":{"line":35,"column":15}},"17":{"start":{"line":39,"column":4},"end":{"line":51,"column":7}},"18":{"start":{"line":41,"column":19},"end":{"line":44,"column":7}},"19":{"start":{"line":45,"column":6},"end":{"line":50,"column":9}},"20":{"start":{"line":46,"column":8},"end":{"line":46,"column":69}},"21":{"start":{"line":47,"column":8},"end":{"line":47,"column":44}},"22":{"start":{"line":48,"column":8},"end":{"line":48,"column":41}},"23":{"start":{"line":49,"column":8},"end":{"line":49,"column":15}},"24":{"start":{"line":53,"column":4},"end":{"line":65,"column":7}},"25":{"start":{"line":55,"column":19},"end":{"line":58,"column":7}},"26":{"start":{"line":59,"column":6},"end":{"line":64,"column":9}},"27":{"start":{"line":60,"column":8},"end":{"line":60,"column":58}},"28":{"start":{"line":61,"column":8},"end":{"line":61,"column":44}},"29":{"start":{"line":62,"column":8},"end":{"line":62,"column":41}},"30":{"start":{"line":63,"column":8},"end":{"line":63,"column":15}},"31":{"start":{"line":67,"column":4},"end":{"line":78,"column":7}},"32":{"start":{"line":68,"column":23},"end":{"line":68,"column":51}},"33":{"start":{"line":69,"column":19},"end":{"line":71,"column":7}},"34":{"start":{"line":72,"column":6},"end":{"line":77,"column":9}},"35":{"start":{"line":73,"column":8},"end":{"line":73,"column":80}},"36":{"start":{"line":74,"column":8},"end":{"line":74,"column":44}},"37":{"start":{"line":75,"column":8},"end":{"line":75,"column":41}},"38":{"start":{"line":76,"column":8},"end":{"line":76,"column":15}},"39":{"start":{"line":80,"column":4},"end":{"line":92,"column":7}},"40":{"start":{"line":82,"column":21},"end":{"line":85,"column":7}},"41":{"start":{"line":86,"column":6},"end":{"line":91,"column":9}},"42":{"start":{"line":87,"column":8},"end":{"line":87,"column":69}},"43":{"start":{"line":88,"column":8},"end":{"line":88,"column":45}},"44":{"start":{"line":89,"column":8},"end":{"line":89,"column":41}},"45":{"start":{"line":90,"column":8},"end":{"line":90,"column":15}},"46":{"start":{"line":94,"column":4},"end":{"line":106,"column":7}},"47":{"start":{"line":96,"column":21},"end":{"line":99,"column":7}},"48":{"start":{"line":100,"column":6},"end":{"line":105,"column":9}},"49":{"start":{"line":101,"column":8},"end":{"line":101,"column":72}},"50":{"start":{"line":102,"column":8},"end":{"line":102,"column":44}},"51":{"start":{"line":103,"column":8},"end":{"line":103,"column":41}},"52":{"start":{"line":104,"column":8},"end":{"line":104,"column":15}},"53":{"start":{"line":112,"column":2},"end":{"line":142,"column":5}},"54":{"start":{"line":113,"column":21},"end":{"line":113,"column":49}},"55":{"start":{"line":115,"column":4},"end":{"line":123,"column":7}},"56":{"start":{"line":117,"column":6},"end":{"line":122,"column":9}},"57":{"start":{"line":118,"column":8},"end":{"line":118,"column":67}},"58":{"start":{"line":119,"column":8},"end":{"line":119,"column":44}},"59":{"start":{"line":120,"column":8},"end":{"line":120,"column":41}},"60":{"start":{"line":121,"column":8},"end":{"line":121,"column":15}},"61":{"start":{"line":125,"column":4},"end":{"line":133,"column":7}},"62":{"start":{"line":127,"column":6},"end":{"line":132,"column":9}},"63":{"start":{"line":128,"column":8},"end":{"line":128,"column":60}},"64":{"start":{"line":129,"column":8},"end":{"line":129,"column":44}},"65":{"start":{"line":130,"column":8},"end":{"line":130,"column":41}},"66":{"start":{"line":131,"column":8},"end":{"line":131,"column":15}},"67":{"start":{"line":134,"column":4},"end":{"line":141,"column":7}},"68":{"start":{"line":136,"column":6},"end":{"line":140,"column":9}},"69":{"start":{"line":137,"column":8},"end":{"line":137,"column":51}},"70":{"start":{"line":138,"column":8},"end":{"line":138,"column":41}},"71":{"start":{"line":139,"column":8},"end":{"line":139,"column":15}}},"fnMap":{"0":{"name":"_interopRequireDefault","decl":{"start":{"line":15,"column":9},"end":{"line":15,"column":31}},"loc":{"start":{"line":15,"column":37},"end":{"line":15,"column":95}},"line":15},"1":{"name":"(anonymous_1)","decl":{"start":{"line":23,"column":20},"end":{"line":23,"column":21}},"loc":{"start":{"line":23,"column":32},"end":{"line":143,"column":1}},"line":23},"2":{"name":"(anonymous_2)","decl":{"start":{"line":27,"column":29},"end":{"line":27,"column":30}},"loc":{"start":{"line":27,"column":41},"end":{"line":107,"column":3}},"line":27},"3":{"name":"(anonymous_3)","decl":{"start":{"line":28,"column":11},"end":{"line":28,"column":12}},"loc":{"start":{"line":28,"column":27},"end":{"line":37,"column":5}},"line":28},"4":{"name":"(anonymous_4)","decl":{"start":{"line":33,"column":93},"end":{"line":33,"column":94}},"loc":{"start":{"line":33,"column":113},"end":{"line":36,"column":7}},"line":33},"5":{"name":"(anonymous_5)","decl":{"start":{"line":39,"column":56},"end":{"line":39,"column":57}},"loc":{"start":{"line":39,"column":72},"end":{"line":51,"column":5}},"line":39},"6":{"name":"(anonymous_6)","decl":{"start":{"line":45,"column":95},"end":{"line":45,"column":96}},"loc":{"start":{"line":45,"column":115},"end":{"line":50,"column":7}},"line":45},"7":{"name":"(anonymous_7)","decl":{"start":{"line":53,"column":59},"end":{"line":53,"column":60}},"loc":{"start":{"line":53,"column":75},"end":{"line":65,"column":5}},"line":53},"8":{"name":"(anonymous_8)","decl":{"start":{"line":59,"column":95},"end":{"line":59,"column":96}},"loc":{"start":{"line":59,"column":115},"end":{"line":64,"column":7}},"line":59},"9":{"name":"(anonymous_9)","decl":{"start":{"line":67,"column":62},"end":{"line":67,"column":63}},"loc":{"start":{"line":67,"column":78},"end":{"line":78,"column":5}},"line":67},"10":{"name":"(anonymous_10)","decl":{"start":{"line":72,"column":128},"end":{"line":72,"column":129}},"loc":{"start":{"line":72,"column":148},"end":{"line":77,"column":7}},"line":72},"11":{"name":"(anonymous_11)","decl":{"start":{"line":80,"column":74},"end":{"line":80,"column":75}},"loc":{"start":{"line":80,"column":90},"end":{"line":92,"column":5}},"line":80},"12":{"name":"(anonymous_12)","decl":{"start":{"line":86,"column":129},"end":{"line":86,"column":130}},"loc":{"start":{"line":86,"column":149},"end":{"line":91,"column":7}},"line":86},"13":{"name":"(anonymous_13)","decl":{"start":{"line":94,"column":68},"end":{"line":94,"column":69}},"loc":{"start":{"line":94,"column":84},"end":{"line":106,"column":5}},"line":94},"14":{"name":"(anonymous_14)","decl":{"start":{"line":100,"column":129},"end":{"line":100,"column":130}},"loc":{"start":{"line":100,"column":149},"end":{"line":105,"column":7}},"line":100},"15":{"name":"(anonymous_15)","decl":{"start":{"line":112,"column":28},"end":{"line":112,"column":29}},"loc":{"start":{"line":112,"column":40},"end":{"line":142,"column":3}},"line":112},"16":{"name":"(anonymous_16)","decl":{"start":{"line":115,"column":55},"end":{"line":115,"column":56}},"loc":{"start":{"line":115,"column":71},"end":{"line":123,"column":5}},"line":115},"17":{"name":"(anonymous_17)","decl":{"start":{"line":117,"column":85},"end":{"line":117,"column":86}},"loc":{"start":{"line":117,"column":105},"end":{"line":122,"column":7}},"line":117},"18":{"name":"(anonymous_18)","decl":{"start":{"line":125,"column":57},"end":{"line":125,"column":58}},"loc":{"start":{"line":125,"column":73},"end":{"line":133,"column":5}},"line":125},"19":{"name":"(anonymous_19)","decl":{"start":{"line":127,"column":82},"end":{"line":127,"column":83}},"loc":{"start":{"line":127,"column":102},"end":{"line":132,"column":7}},"line":127},"20":{"name":"(anonymous_20)","decl":{"start":{"line":134,"column":40},"end":{"line":134,"column":41}},"loc":{"start":{"line":134,"column":56},"end":{"line":141,"column":5}},"line":134},"21":{"name":"(anonymous_21)","decl":{"start":{"line":136,"column":82},"end":{"line":136,"column":83}},"loc":{"start":{"line":136,"column":102},"end":{"line":140,"column":7}},"line":136}},"branchMap":{"0":{"loc":{"start":{"line":15,"column":46},"end":{"line":15,"column":92}},"type":"cond-expr","locations":[{"start":{"line":15,"column":70},"end":{"line":15,"column":73}},{"start":{"line":15,"column":76},"end":{"line":15,"column":92}}],"line":15},"1":{"loc":{"start":{"line":15,"column":46},"end":{"line":15,"column":67}},"type":"binary-expr","locations":[{"start":{"line":15,"column":46},"end":{"line":15,"column":49}},{"start":{"line":15,"column":53},"end":{"line":15,"column":67}}],"line":15}},"s":{"0":1,"1":1,"2":1,"3":1,"4":1,"5":1,"6":3,"7":1,"8":1,"9":1,"10":1,"11":1,"12":1,"13":1,"14":1,"15":1,"16":1,"17":1,"18":1,"19":1,"20":1,"21":1,"22":1,"23":1,"24":1,"25":1,"26":1,"27":1,"28":1,"29":1,"30":1,"31":1,"32":1,"33":1,"34":1,"35":1,"36":1,"37":1,"38":1,"39":1,"40":1,"41":1,"42":1,"43":1,"44":1,"45":1,"46":1,"47":1,"48":1,"49":1,"50":1,"51":1,"52":1,"53":1,"54":1,"55":1,"56":1,"57":1,"58":1,"59":1,"60":1,"61":1,"62":1,"63":1,"64":1,"65":1,"66":1,"67":1,"68":1,"69":1,"70":1,"71":1},"f":{"0":3,"1":1,"2":1,"3":1,"4":1,"5":1,"6":1,"7":1,"8":1,"9":1,"10":1,"11":1,"12":1,"13":1,"14":1,"15":1,"16":1,"17":1,"18":1,"19":1,"20":1,"21":1},"b":{"0":[1,2],"1":[3,3]},"_coverageSchema":"d34fc3e6b8297bcde183f5492bcb8fcb36775295","hash":"ceec5da46354d27f19246c90742b92215d8c6499","contentHash":"f1181a7f10bbf565deb8bad4ca32a8a5"},"C:\\Users\\User\\Desktop\\andela\\overflow\\overflow-api\\overflow-api-v1\\app.js":{"path":"C:\\Users\\User\\Desktop\\andela\\overflow\\overflow-api\\overflow-api-v1\\app.js","statementMap":{"0":{"start":{"line":3,"column":0},"end":{"line":5,"column":3}},"1":{"start":{"line":7,"column":13},"end":{"line":7,"column":38}},"2":{"start":{"line":9,"column":14},"end":{"line":9,"column":44}},"3":{"start":{"line":11,"column":14},"end":{"line":11,"column":31}},"4":{"start":{"line":13,"column":15},"end":{"line":13,"column":46}},"5":{"start":{"line":15,"column":39},"end":{"line":15,"column":93}},"6":{"start":{"line":17,"column":0},"end":{"line":17,"column":26}},"7":{"start":{"line":19,"column":11},"end":{"line":19,"column":27}},"8":{"start":{"line":20,"column":0},"end":{"line":22,"column":3}},"9":{"start":{"line":21,"column":1},"end":{"line":21,"column":73}},"10":{"start":{"line":24,"column":0},"end":{"line":24,"column":34}}},"fnMap":{"0":{"name":"_interopRequireDefault","decl":{"start":{"line":15,"column":9},"end":{"line":15,"column":31}},"loc":{"start":{"line":15,"column":37},"end":{"line":15,"column":95}},"line":15},"1":{"name":"(anonymous_1)","decl":{"start":{"line":20,"column":29},"end":{"line":20,"column":30}},"loc":{"start":{"line":20,"column":41},"end":{"line":22,"column":1}},"line":20}},"branchMap":{"0":{"loc":{"start":{"line":15,"column":46},"end":{"line":15,"column":92}},"type":"cond-expr","locations":[{"start":{"line":15,"column":70},"end":{"line":15,"column":73}},{"start":{"line":15,"column":76},"end":{"line":15,"column":92}}],"line":15},"1":{"loc":{"start":{"line":15,"column":46},"end":{"line":15,"column":67}},"type":"binary-expr","locations":[{"start":{"line":15,"column":46},"end":{"line":15,"column":49}},{"start":{"line":15,"column":53},"end":{"line":15,"column":67}}],"line":15}},"s":{"0":1,"1":1,"2":1,"3":1,"4":1,"5":2,"6":1,"7":1,"8":1,"9":1,"10":1},"f":{"0":2,"1":1},"b":{"0":[1,1],"1":[2,2]},"_coverageSchema":"d34fc3e6b8297bcde183f5492bcb8fcb36775295","hash":"b1e7fe56c472398bec15accc60b89c9699feb7c7","contentHash":"6f97a5f6e11e7637322ca6bdd16d38a3"},"C:\\Users\\User\\Desktop\\andela\\overflow\\overflow-api\\overflow-api-v1\\server\\index.js":{"path":"C:\\Users\\User\\Desktop\\andela\\overflow\\overflow-api\\overflow-api-v1\\server\\index.js","statementMap":{"0":{"start":{"line":3,"column":0},"end":{"line":5,"column":3}},"1":{"start":{"line":7,"column":15},"end":{"line":7,"column":33}},"2":{"start":{"line":9,"column":16},"end":{"line":9,"column":48}},"3":{"start":{"line":11,"column":18},"end":{"line":11,"column":40}},"4":{"start":{"line":13,"column":19},"end":{"line":13,"column":54}},"5":{"start":{"line":15,"column":24},"end":{"line":15,"column":52}},"6":{"start":{"line":17,"column":25},"end":{"line":17,"column":66}},"7":{"start":{"line":19,"column":24},"end":{"line":19,"column":53}},"8":{"start":{"line":21,"column":25},"end":{"line":21,"column":66}},"9":{"start":{"line":23,"column":12},"end":{"line":23,"column":27}},"10":{"start":{"line":25,"column":13},"end":{"line":25,"column":42}},"11":{"start":{"line":27,"column":13},"end":{"line":27,"column":38}},"12":{"start":{"line":29,"column":14},"end":{"line":29,"column":44}},"13":{"start":{"line":31,"column":39},"end":{"line":31,"column":93}},"14":{"start":{"line":33,"column":22},"end":{"line":33,"column":48}},"15":{"start":{"line":36,"column":10},"end":{"line":36,"column":34}},"16":{"start":{"line":39,"column":0},"end":{"line":39,"column":37}},"17":{"start":{"line":40,"column":0},"end":{"line":40,"column":62}},"18":{"start":{"line":43,"column":0},"end":{"line":43,"column":43}},"19":{"start":{"line":46,"column":0},"end":{"line":46,"column":37}},"20":{"start":{"line":49,"column":0},"end":{"line":49,"column":106}},"21":{"start":{"line":52,"column":0},"end":{"line":54,"column":3}},"22":{"start":{"line":53,"column":2},"end":{"line":53,"column":17}},"23":{"start":{"line":55,"column":0},"end":{"line":57,"column":3}},"24":{"start":{"line":56,"column":2},"end":{"line":56,"column":72}},"25":{"start":{"line":59,"column":0},"end":{"line":59,"column":22}}},"fnMap":{"0":{"name":"_interopRequireDefault","decl":{"start":{"line":31,"column":9},"end":{"line":31,"column":31}},"loc":{"start":{"line":31,"column":37},"end":{"line":31,"column":95}},"line":31},"1":{"name":"(anonymous_1)","decl":{"start":{"line":52,"column":13},"end":{"line":52,"column":14}},"loc":{"start":{"line":52,"column":33},"end":{"line":54,"column":1}},"line":52},"2":{"name":"(anonymous_2)","decl":{"start":{"line":55,"column":13},"end":{"line":55,"column":14}},"loc":{"start":{"line":55,"column":33},"end":{"line":57,"column":1}},"line":55}},"branchMap":{"0":{"loc":{"start":{"line":31,"column":46},"end":{"line":31,"column":92}},"type":"cond-expr","locations":[{"start":{"line":31,"column":70},"end":{"line":31,"column":73}},{"start":{"line":31,"column":76},"end":{"line":31,"column":92}}],"line":31},"1":{"loc":{"start":{"line":31,"column":46},"end":{"line":31,"column":67}},"type":"binary-expr","locations":[{"start":{"line":31,"column":46},"end":{"line":31,"column":49}},{"start":{"line":31,"column":53},"end":{"line":31,"column":67}}],"line":31}},"s":{"0":1,"1":1,"2":1,"3":1,"4":1,"5":1,"6":1,"7":1,"8":1,"9":1,"10":1,"11":1,"12":1,"13":6,"14":1,"15":1,"16":1,"17":1,"18":1,"19":1,"20":1,"21":1,"22":0,"23":1,"24":0,"25":1},"f":{"0":6,"1":0,"2":0},"b":{"0":[1,5],"1":[6,6]},"_coverageSchema":"d34fc3e6b8297bcde183f5492bcb8fcb36775295","hash":"66607155ea77102e8034168634b8753ef824dcaa","contentHash":"048f9f7e89e5e486467b9a96520efd97"},"C:\\Users\\User\\Desktop\\andela\\overflow\\overflow-api\\overflow-api-v1\\server\\routes\\index.js":{"path":"C:\\Users\\User\\Desktop\\andela\\overflow\\overflow-api\\overflow-api-v1\\server\\routes\\index.js","statementMap":{"0":{"start":{"line":3,"column":0},"end":{"line":5,"column":3}},"1":{"start":{"line":7,"column":15},"end":{"line":7,"column":33}},"2":{"start":{"line":9,"column":16},"end":{"line":9,"column":48}},"3":{"start":{"line":11,"column":23},"end":{"line":11,"column":64}},"4":{"start":{"line":13,"column":24},"end":{"line":13,"column":64}},"5":{"start":{"line":15,"column":27},"end":{"line":15,"column":72}},"6":{"start":{"line":17,"column":28},"end":{"line":17,"column":72}},"7":{"start":{"line":19,"column":25},"end":{"line":19,"column":68}},"8":{"start":{"line":21,"column":26},"end":{"line":21,"column":68}},"9":{"start":{"line":23,"column":21},"end":{"line":23,"column":59}},"10":{"start":{"line":25,"column":22},"end":{"line":25,"column":60}},"11":{"start":{"line":27,"column":25},"end":{"line":27,"column":67}},"12":{"start":{"line":29,"column":26},"end":{"line":29,"column":68}},"13":{"start":{"line":31,"column":23},"end":{"line":31,"column":63}},"14":{"start":{"line":33,"column":24},"end":{"line":33,"column":64}},"15":{"start":{"line":35,"column":19},"end":{"line":35,"column":55}},"16":{"start":{"line":37,"column":20},"end":{"line":37,"column":56}},"17":{"start":{"line":39,"column":21},"end":{"line":39,"column":59}},"18":{"start":{"line":41,"column":22},"end":{"line":41,"column":60}},"19":{"start":{"line":43,"column":39},"end":{"line":43,"column":93}},"20":{"start":{"line":45,"column":13},"end":{"line":45,"column":39}},"21":{"start":{"line":48,"column":18},"end":{"line":48,"column":55}},"22":{"start":{"line":49,"column":20},"end":{"line":49,"column":59}},"23":{"start":{"line":50,"column":16},"end":{"line":50,"column":51}},"24":{"start":{"line":51,"column":14},"end":{"line":51,"column":47}},"25":{"start":{"line":52,"column":22},"end":{"line":52,"column":67}},"26":{"start":{"line":53,"column":18},"end":{"line":53,"column":59}},"27":{"start":{"line":54,"column":21},"end":{"line":54,"column":65}},"28":{"start":{"line":55,"column":22},"end":{"line":55,"column":67}},"29":{"start":{"line":56,"column":21},"end":{"line":56,"column":65}},"30":{"start":{"line":57,"column":19},"end":{"line":57,"column":59}},"31":{"start":{"line":58,"column":16},"end":{"line":58,"column":53}},"32":{"start":{"line":62,"column":17},"end":{"line":62,"column":51}},"33":{"start":{"line":63,"column":16},"end":{"line":63,"column":49}},"34":{"start":{"line":64,"column":28},"end":{"line":64,"column":75}},"35":{"start":{"line":65,"column":30},"end":{"line":65,"column":81}},"36":{"start":{"line":66,"column":19},"end":{"line":66,"column":53}},"37":{"start":{"line":67,"column":16},"end":{"line":67,"column":49}},"38":{"start":{"line":71,"column":0},"end":{"line":71,"column":39}},"39":{"start":{"line":72,"column":0},"end":{"line":72,"column":55}},"40":{"start":{"line":73,"column":0},"end":{"line":73,"column":49}},"41":{"start":{"line":74,"column":0},"end":{"line":74,"column":48}},"42":{"start":{"line":77,"column":0},"end":{"line":77,"column":42}},"43":{"start":{"line":78,"column":0},"end":{"line":78,"column":60}},"44":{"start":{"line":79,"column":0},"end":{"line":79,"column":84}},"45":{"start":{"line":80,"column":0},"end":{"line":80,"column":66}},"46":{"start":{"line":81,"column":0},"end":{"line":81,"column":80}},"47":{"start":{"line":82,"column":0},"end":{"line":82,"column":106}},"48":{"start":{"line":83,"column":0},"end":{"line":83,"column":80}},"49":{"start":{"line":85,"column":0},"end":{"line":85,"column":25}}},"fnMap":{"0":{"name":"_interopRequireDefault","decl":{"start":{"line":43,"column":9},"end":{"line":43,"column":31}},"loc":{"start":{"line":43,"column":37},"end":{"line":43,"column":95}},"line":43}},"branchMap":{"0":{"loc":{"start":{"line":43,"column":46},"end":{"line":43,"column":92}},"type":"cond-expr","locations":[{"start":{"line":43,"column":70},"end":{"line":43,"column":73}},{"start":{"line":43,"column":76},"end":{"line":43,"column":92}}],"line":43},"1":{"loc":{"start":{"line":43,"column":46},"end":{"line":43,"column":67}},"type":"binary-expr","locations":[{"start":{"line":43,"column":46},"end":{"line":43,"column":49}},{"start":{"line":43,"column":53},"end":{"line":43,"column":67}}],"line":43}},"s":{"0":1,"1":1,"2":1,"3":1,"4":1,"5":1,"6":1,"7":1,"8":1,"9":1,"10":1,"11":1,"12":1,"13":1,"14":1,"15":1,"16":1,"17":1,"18":1,"19":9,"20":1,"21":1,"22":1,"23":1,"24":1,"25":1,"26":1,"27":1,"28":1,"29":1,"30":1,"31":1,"32":1,"33":1,"34":1,"35":1,"36":1,"37":1,"38":1,"39":1,"40":1,"41":1,"42":1,"43":1,"44":1,"45":1,"46":1,"47":1,"48":1,"49":1},"f":{"0":9},"b":{"0":[8,1],"1":[9,9]},"_coverageSchema":"d34fc3e6b8297bcde183f5492bcb8fcb36775295","hash":"74401cc6d042c04c0563d14c4dbc45de473044c0","contentHash":"1382c605da0beec224045eb013df5e96"},"C:\\Users\\User\\Desktop\\andela\\overflow\\overflow-api\\overflow-api-v1\\server\\controllers\\UsersController.js":{"path":"C:\\Users\\User\\Desktop\\andela\\overflow\\overflow-api\\overflow-api-v1\\server\\controllers\\UsersController.js","statementMap":{"0":{"start":{"line":3,"column":0},"end":{"line":5,"column":3}},"1":{"start":{"line":7,"column":19},"end":{"line":7,"column":563}},"2":{"start":{"line":7,"column":76},"end":{"line":7,"column":347}},"3":{"start":{"line":7,"column":134},"end":{"line":7,"column":142}},"4":{"start":{"line":7,"column":144},"end":{"line":7,"column":199}},"5":{"start":{"line":7,"column":200},"end":{"line":7,"column":231}},"6":{"start":{"line":7,"column":232},"end":{"line":7,"column":286}},"7":{"start":{"line":7,"column":259},"end":{"line":7,"column":286}},"8":{"start":{"line":7,"column":287},"end":{"line":7,"column":345}},"9":{"start":{"line":7,"column":350},"end":{"line":7,"column":559}},"10":{"start":{"line":7,"column":407},"end":{"line":7,"column":475}},"11":{"start":{"line":7,"column":423},"end":{"line":7,"column":475}},"12":{"start":{"line":7,"column":476},"end":{"line":7,"column":536}},"13":{"start":{"line":7,"column":493},"end":{"line":7,"column":536}},"14":{"start":{"line":7,"column":537},"end":{"line":7,"column":556}},"15":{"start":{"line":9,"column":14},"end":{"line":9,"column":31}},"16":{"start":{"line":11,"column":15},"end":{"line":11,"column":46}},"17":{"start":{"line":13,"column":20},"end":{"line":13,"column":43}},"18":{"start":{"line":15,"column":21},"end":{"line":15,"column":58}},"19":{"start":{"line":17,"column":17},"end":{"line":17,"column":51}},"20":{"start":{"line":19,"column":18},"end":{"line":19,"column":52}},"21":{"start":{"line":21,"column":39},"end":{"line":21,"column":93}},"22":{"start":{"line":23,"column":50},"end":{"line":23,"column":151}},"23":{"start":{"line":23,"column":92},"end":{"line":23,"column":149}},"24":{"start":{"line":25,"column":13},"end":{"line":25,"column":21}},"25":{"start":{"line":26,"column":18},"end":{"line":28,"column":1}},"26":{"start":{"line":27,"column":4},"end":{"line":27,"column":35}},"27":{"start":{"line":30,"column":12},"end":{"line":166,"column":3}},"28":{"start":{"line":32,"column":8},"end":{"line":32,"column":37}},"29":{"start":{"line":35,"column":4},"end":{"line":163,"column":8}},"30":{"start":{"line":38,"column":12},"end":{"line":42,"column":15}},"31":{"start":{"line":47,"column":25},"end":{"line":47,"column":42}},"32":{"start":{"line":49,"column":24},"end":{"line":49,"column":29}},"33":{"start":{"line":50,"column":29},"end":{"line":50,"column":35}},"34":{"start":{"line":51,"column":12},"end":{"line":67,"column":15}},"35":{"start":{"line":53,"column":16},"end":{"line":66,"column":17}},"36":{"start":{"line":54,"column":20},"end":{"line":54,"column":33}},"37":{"start":{"line":55,"column":20},"end":{"line":60,"column":22}},"38":{"start":{"line":61,"column":20},"end":{"line":65,"column":23}},"39":{"start":{"line":69,"column":12},"end":{"line":75,"column":13}},"40":{"start":{"line":70,"column":16},"end":{"line":74,"column":19}},"41":{"start":{"line":80,"column":28},"end":{"line":80,"column":36}},"42":{"start":{"line":81,"column":23},"end":{"line":81,"column":37}},"43":{"start":{"line":82,"column":24},"end":{"line":82,"column":39}},"44":{"start":{"line":83,"column":27},"end":{"line":83,"column":45}},"45":{"start":{"line":85,"column":24},"end":{"line":85,"column":29}},"46":{"start":{"line":86,"column":12},"end":{"line":95,"column":15}},"47":{"start":{"line":88,"column":16},"end":{"line":94,"column":17}},"48":{"start":{"line":89,"column":20},"end":{"line":89,"column":33}},"49":{"start":{"line":90,"column":20},"end":{"line":93,"column":23}},"50":{"start":{"line":97,"column":12},"end":{"line":117,"column":13}},"51":{"start":{"line":99,"column":16},"end":{"line":105,"column":19}},"52":{"start":{"line":107,"column":33},"end":{"line":107,"column":65}},"53":{"start":{"line":109,"column":28},"end":{"line":109,"column":97}},"54":{"start":{"line":112,"column":16},"end":{"line":116,"column":19}},"55":{"start":{"line":122,"column":29},"end":{"line":122,"column":37}},"56":{"start":{"line":123,"column":23},"end":{"line":123,"column":38}},"57":{"start":{"line":124,"column":24},"end":{"line":124,"column":40}},"58":{"start":{"line":125,"column":27},"end":{"line":125,"column":46}},"59":{"start":{"line":127,"column":24},"end":{"line":127,"column":29}},"60":{"start":{"line":128,"column":29},"end":{"line":128,"column":35}},"61":{"start":{"line":129,"column":12},"end":{"line":134,"column":15}},"62":{"start":{"line":130,"column":16},"end":{"line":133,"column":17}},"63":{"start":{"line":131,"column":20},"end":{"line":131,"column":33}},"64":{"start":{"line":132,"column":20},"end":{"line":132,"column":38}},"65":{"start":{"line":137,"column":12},"end":{"line":161,"column":13}},"66":{"start":{"line":138,"column":16},"end":{"line":154,"column":17}},"67":{"start":{"line":140,"column":32},"end":{"line":140,"column":101}},"68":{"start":{"line":143,"column":20},"end":{"line":147,"column":23}},"69":{"start":{"line":150,"column":20},"end":{"line":153,"column":23}},"70":{"start":{"line":157,"column":16},"end":{"line":160,"column":19}},"71":{"start":{"line":165,"column":4},"end":{"line":165,"column":17}},"72":{"start":{"line":168,"column":0},"end":{"line":168,"column":24}}},"fnMap":{"0":{"name":"(anonymous_0)","decl":{"start":{"line":7,"column":19},"end":{"line":7,"column":20}},"loc":{"start":{"line":7,"column":31},"end":{"line":7,"column":561}},"line":7},"1":{"name":"defineProperties","decl":{"start":{"line":7,"column":42},"end":{"line":7,"column":58}},"loc":{"start":{"line":7,"column":74},"end":{"line":7,"column":349}},"line":7},"2":{"name":"(anonymous_2)","decl":{"start":{"line":7,"column":357},"end":{"line":7,"column":358}},"loc":{"start":{"line":7,"column":405},"end":{"line":7,"column":558}},"line":7},"3":{"name":"_interopRequireDefault","decl":{"start":{"line":21,"column":9},"end":{"line":21,"column":31}},"loc":{"start":{"line":21,"column":37},"end":{"line":21,"column":95}},"line":21},"4":{"name":"_classCallCheck","decl":{"start":{"line":23,"column":9},"end":{"line":23,"column":24}},"loc":{"start":{"line":23,"column":48},"end":{"line":23,"column":153}},"line":23},"5":{"name":"lastIndexOf","decl":{"start":{"line":26,"column":27},"end":{"line":26,"column":38}},"loc":{"start":{"line":26,"column":46},"end":{"line":28,"column":1}},"line":26},"6":{"name":"(anonymous_6)","decl":{"start":{"line":30,"column":12},"end":{"line":30,"column":13}},"loc":{"start":{"line":30,"column":24},"end":{"line":166,"column":1}},"line":30},"7":{"name":"Users","decl":{"start":{"line":31,"column":13},"end":{"line":31,"column":18}},"loc":{"start":{"line":31,"column":21},"end":{"line":33,"column":5}},"line":31},"8":{"name":"getAllUsers","decl":{"start":{"line":37,"column":24},"end":{"line":37,"column":35}},"loc":{"start":{"line":37,"column":46},"end":{"line":43,"column":9}},"line":37},"9":{"name":"getUser","decl":{"start":{"line":46,"column":24},"end":{"line":46,"column":31}},"loc":{"start":{"line":46,"column":42},"end":{"line":76,"column":9}},"line":46},"10":{"name":"(anonymous_10)","decl":{"start":{"line":51,"column":36},"end":{"line":51,"column":37}},"loc":{"start":{"line":51,"column":52},"end":{"line":67,"column":13}},"line":51},"11":{"name":"registerUsers","decl":{"start":{"line":79,"column":24},"end":{"line":79,"column":37}},"loc":{"start":{"line":79,"column":48},"end":{"line":118,"column":9}},"line":79},"12":{"name":"(anonymous_12)","decl":{"start":{"line":86,"column":36},"end":{"line":86,"column":37}},"loc":{"start":{"line":86,"column":52},"end":{"line":95,"column":13}},"line":86},"13":{"name":"loginUser","decl":{"start":{"line":121,"column":24},"end":{"line":121,"column":33}},"loc":{"start":{"line":121,"column":44},"end":{"line":162,"column":9}},"line":121},"14":{"name":"(anonymous_14)","decl":{"start":{"line":129,"column":36},"end":{"line":129,"column":37}},"loc":{"start":{"line":129,"column":52},"end":{"line":134,"column":13}},"line":129}},"branchMap":{"0":{"loc":{"start":{"line":7,"column":168},"end":{"line":7,"column":198}},"type":"binary-expr","locations":[{"start":{"line":7,"column":168},"end":{"line":7,"column":189}},{"start":{"line":7,"column":193},"end":{"line":7,"column":198}}],"line":7},"1":{"loc":{"start":{"line":7,"column":232},"end":{"line":7,"column":286}},"type":"if","locations":[{"start":{"line":7,"column":232},"end":{"line":7,"column":286}},{"start":{"line":7,"column":232},"end":{"line":7,"column":286}}],"line":7},"2":{"loc":{"start":{"line":7,"column":407},"end":{"line":7,"column":475}},"type":"if","locations":[{"start":{"line":7,"column":407},"end":{"line":7,"column":475}},{"start":{"line":7,"column":407},"end":{"line":7,"column":475}}],"line":7},"3":{"loc":{"start":{"line":7,"column":476},"end":{"line":7,"column":536}},"type":"if","locations":[{"start":{"line":7,"column":476},"end":{"line":7,"column":536}},{"start":{"line":7,"column":476},"end":{"line":7,"column":536}}],"line":7},"4":{"loc":{"start":{"line":21,"column":46},"end":{"line":21,"column":92}},"type":"cond-expr","locations":[{"start":{"line":21,"column":70},"end":{"line":21,"column":73}},{"start":{"line":21,"column":76},"end":{"line":21,"column":92}}],"line":21},"5":{"loc":{"start":{"line":21,"column":46},"end":{"line":21,"column":67}},"type":"binary-expr","locations":[{"start":{"line":21,"column":46},"end":{"line":21,"column":49}},{"start":{"line":21,"column":53},"end":{"line":21,"column":67}}],"line":21},"6":{"loc":{"start":{"line":23,"column":50},"end":{"line":23,"column":151}},"type":"if","locations":[{"start":{"line":23,"column":50},"end":{"line":23,"column":151}},{"start":{"line":23,"column":50},"end":{"line":23,"column":151}}],"line":23},"7":{"loc":{"start":{"line":53,"column":16},"end":{"line":66,"column":17}},"type":"if","locations":[{"start":{"line":53,"column":16},"end":{"line":66,"column":17}},{"start":{"line":53,"column":16},"end":{"line":66,"column":17}}],"line":53},"8":{"loc":{"start":{"line":69,"column":12},"end":{"line":75,"column":13}},"type":"if","locations":[{"start":{"line":69,"column":12},"end":{"line":75,"column":13}},{"start":{"line":69,"column":12},"end":{"line":75,"column":13}}],"line":69},"9":{"loc":{"start":{"line":88,"column":16},"end":{"line":94,"column":17}},"type":"if","locations":[{"start":{"line":88,"column":16},"end":{"line":94,"column":17}},{"start":{"line":88,"column":16},"end":{"line":94,"column":17}}],"line":88},"10":{"loc":{"start":{"line":97,"column":12},"end":{"line":117,"column":13}},"type":"if","locations":[{"start":{"line":97,"column":12},"end":{"line":117,"column":13}},{"start":{"line":97,"column":12},"end":{"line":117,"column":13}}],"line":97},"11":{"loc":{"start":{"line":130,"column":16},"end":{"line":133,"column":17}},"type":"if","locations":[{"start":{"line":130,"column":16},"end":{"line":133,"column":17}},{"start":{"line":130,"column":16},"end":{"line":133,"column":17}}],"line":130},"12":{"loc":{"start":{"line":137,"column":12},"end":{"line":161,"column":13}},"type":"if","locations":[{"start":{"line":137,"column":12},"end":{"line":161,"column":13}},{"start":{"line":137,"column":12},"end":{"line":161,"column":13}}],"line":137},"13":{"loc":{"start":{"line":138,"column":16},"end":{"line":154,"column":17}},"type":"if","locations":[{"start":{"line":138,"column":16},"end":{"line":154,"column":17}},{"start":{"line":138,"column":16},"end":{"line":154,"column":17}}],"line":138}},"s":{"0":1,"1":1,"2":1,"3":4,"4":4,"5":4,"6":4,"7":4,"8":4,"9":1,"10":1,"11":0,"12":1,"13":1,"14":1,"15":1,"16":1,"17":1,"18":1,"19":1,"20":1,"21":3,"22":0,"23":0,"24":1,"25":1,"26":1,"27":1,"28":0,"29":1,"30":0,"31":2,"32":2,"33":2,"34":2,"35":10,"36":1,"37":1,"38":1,"39":2,"40":1,"41":2,"42":2,"43":2,"44":2,"45":2,"46":2,"47":8,"48":1,"49":1,"50":2,"51":1,"52":1,"53":1,"54":1,"55":4,"56":4,"57":4,"58":4,"59":4,"60":4,"61":4,"62":18,"63":4,"64":4,"65":4,"66":4,"67":3,"68":3,"69":1,"70":0,"71":1,"72":1},"f":{"0":1,"1":1,"2":1,"3":3,"4":0,"5":1,"6":1,"7":0,"8":0,"9":2,"10":10,"11":2,"12":8,"13":4,"14":18},"b":{"0":[4,4],"1":[4,0],"2":[0,1],"3":[1,0],"4":[1,2],"5":[3,3],"6":[0,0],"7":[1,9],"8":[1,1],"9":[1,7],"10":[1,1],"11":[4,14],"12":[4,0],"13":[3,1]},"_coverageSchema":"d34fc3e6b8297bcde183f5492bcb8fcb36775295","hash":"1240a4f97525a3576aa378c008bc032470084cec","contentHash":"0b1fd064e2f38956285df4845f6cbd88"},"C:\\Users\\User\\Desktop\\andela\\overflow\\overflow-api\\overflow-api-v1\\server\\dummyModel\\UserModel.js":{"path":"C:\\Users\\User\\Desktop\\andela\\overflow\\overflow-api\\overflow-api-v1\\server\\dummyModel\\UserModel.js","statementMap":{"0":{"start":{"line":3,"column":0},"end":{"line":5,"column":3}},"1":{"start":{"line":6,"column":12},"end":{"line":26,"column":2}},"2":{"start":{"line":28,"column":0},"end":{"line":28,"column":24}}},"fnMap":{},"branchMap":{},"s":{"0":1,"1":1,"2":1},"f":{},"b":{},"_coverageSchema":"d34fc3e6b8297bcde183f5492bcb8fcb36775295","hash":"5f963c540b70aba60954f6c6bf68376c13a4dc30","contentHash":"7c5d3f48dab30ae2531930658a84123e"},"C:\\Users\\User\\Desktop\\andela\\overflow\\overflow-api\\overflow-api-v1\\server\\controllers\\QuestionsController.js":{"path":"C:\\Users\\User\\Desktop\\andela\\overflow\\overflow-api\\overflow-api-v1\\server\\controllers\\QuestionsController.js","statementMap":{"0":{"start":{"line":3,"column":0},"end":{"line":5,"column":3}},"1":{"start":{"line":7,"column":19},"end":{"line":7,"column":563}},"2":{"start":{"line":7,"column":76},"end":{"line":7,"column":347}},"3":{"start":{"line":7,"column":134},"end":{"line":7,"column":142}},"4":{"start":{"line":7,"column":144},"end":{"line":7,"column":199}},"5":{"start":{"line":7,"column":200},"end":{"line":7,"column":231}},"6":{"start":{"line":7,"column":232},"end":{"line":7,"column":286}},"7":{"start":{"line":7,"column":259},"end":{"line":7,"column":286}},"8":{"start":{"line":7,"column":287},"end":{"line":7,"column":345}},"9":{"start":{"line":7,"column":350},"end":{"line":7,"column":559}},"10":{"start":{"line":7,"column":407},"end":{"line":7,"column":475}},"11":{"start":{"line":7,"column":423},"end":{"line":7,"column":475}},"12":{"start":{"line":7,"column":476},"end":{"line":7,"column":536}},"13":{"start":{"line":7,"column":493},"end":{"line":7,"column":536}},"14":{"start":{"line":7,"column":537},"end":{"line":7,"column":556}},"15":{"start":{"line":9,"column":21},"end":{"line":9,"column":59}},"16":{"start":{"line":11,"column":22},"end":{"line":11,"column":60}},"17":{"start":{"line":13,"column":17},"end":{"line":13,"column":51}},"18":{"start":{"line":15,"column":18},"end":{"line":15,"column":52}},"19":{"start":{"line":17,"column":39},"end":{"line":17,"column":93}},"20":{"start":{"line":19,"column":50},"end":{"line":19,"column":151}},"21":{"start":{"line":19,"column":92},"end":{"line":19,"column":149}},"22":{"start":{"line":21,"column":16},"end":{"line":169,"column":3}},"23":{"start":{"line":23,"column":8},"end":{"line":23,"column":41}},"24":{"start":{"line":26,"column":4},"end":{"line":166,"column":8}},"25":{"start":{"line":29,"column":12},"end":{"line":40,"column":13}},"26":{"start":{"line":30,"column":16},"end":{"line":33,"column":19}},"27":{"start":{"line":35,"column":16},"end":{"line":39,"column":19}},"28":{"start":{"line":45,"column":29},"end":{"line":45,"column":50}},"29":{"start":{"line":48,"column":24},"end":{"line":48,"column":29}},"30":{"start":{"line":49,"column":33},"end":{"line":49,"column":39}},"31":{"start":{"line":50,"column":12},"end":{"line":61,"column":15}},"32":{"start":{"line":52,"column":16},"end":{"line":60,"column":17}},"33":{"start":{"line":53,"column":20},"end":{"line":53,"column":33}},"34":{"start":{"line":54,"column":20},"end":{"line":54,"column":46}},"35":{"start":{"line":55,"column":20},"end":{"line":59,"column":23}},"36":{"start":{"line":63,"column":12},"end":{"line":69,"column":13}},"37":{"start":{"line":64,"column":16},"end":{"line":68,"column":19}},"38":{"start":{"line":74,"column":25},"end":{"line":74,"column":42}},"39":{"start":{"line":76,"column":24},"end":{"line":76,"column":29}},"40":{"start":{"line":77,"column":28},"end":{"line":77,"column":30}},"41":{"start":{"line":78,"column":12},"end":{"line":84,"column":15}},"42":{"start":{"line":80,"column":16},"end":{"line":83,"column":17}},"43":{"start":{"line":81,"column":20},"end":{"line":81,"column":33}},"44":{"start":{"line":82,"column":20},"end":{"line":82,"column":45}},"45":{"start":{"line":85,"column":12},"end":{"line":92,"column":13}},"46":{"start":{"line":86,"column":16},"end":{"line":91,"column":19}},"47":{"start":{"line":94,"column":12},"end":{"line":100,"column":13}},"48":{"start":{"line":95,"column":16},"end":{"line":99,"column":19}},"49":{"start":{"line":105,"column":32},"end":{"line":105,"column":44}},"50":{"start":{"line":106,"column":21},"end":{"line":106,"column":37}},"51":{"start":{"line":107,"column":24},"end":{"line":107,"column":43}},"52":{"start":{"line":108,"column":28},"end":{"line":108,"column":36}},"53":{"start":{"line":109,"column":24},"end":{"line":109,"column":39}},"54":{"start":{"line":110,"column":23},"end":{"line":110,"column":37}},"55":{"start":{"line":114,"column":12},"end":{"line":120,"column":15}},"56":{"start":{"line":122,"column":12},"end":{"line":125,"column":15}},"57":{"start":{"line":130,"column":29},"end":{"line":130,"column":50}},"58":{"start":{"line":131,"column":21},"end":{"line":131,"column":36}},"59":{"start":{"line":133,"column":24},"end":{"line":133,"column":29}},"60":{"start":{"line":134,"column":33},"end":{"line":134,"column":39}},"61":{"start":{"line":135,"column":12},"end":{"line":156,"column":15}},"62":{"start":{"line":137,"column":16},"end":{"line":155,"column":17}},"63":{"start":{"line":139,"column":20},"end":{"line":139,"column":33}},"64":{"start":{"line":140,"column":20},"end":{"line":154,"column":21}},"65":{"start":{"line":141,"column":24},"end":{"line":141,"column":65}},"66":{"start":{"line":142,"column":24},"end":{"line":147,"column":27}},"67":{"start":{"line":149,"column":24},"end":{"line":153,"column":27}},"68":{"start":{"line":158,"column":12},"end":{"line":164,"column":13}},"69":{"start":{"line":159,"column":16},"end":{"line":163,"column":19}},"70":{"start":{"line":168,"column":4},"end":{"line":168,"column":21}},"71":{"start":{"line":171,"column":0},"end":{"line":171,"column":28}}},"fnMap":{"0":{"name":"(anonymous_0)","decl":{"start":{"line":7,"column":19},"end":{"line":7,"column":20}},"loc":{"start":{"line":7,"column":31},"end":{"line":7,"column":561}},"line":7},"1":{"name":"defineProperties","decl":{"start":{"line":7,"column":42},"end":{"line":7,"column":58}},"loc":{"start":{"line":7,"column":74},"end":{"line":7,"column":349}},"line":7},"2":{"name":"(anonymous_2)","decl":{"start":{"line":7,"column":357},"end":{"line":7,"column":358}},"loc":{"start":{"line":7,"column":405},"end":{"line":7,"column":558}},"line":7},"3":{"name":"_interopRequireDefault","decl":{"start":{"line":17,"column":9},"end":{"line":17,"column":31}},"loc":{"start":{"line":17,"column":37},"end":{"line":17,"column":95}},"line":17},"4":{"name":"_classCallCheck","decl":{"start":{"line":19,"column":9},"end":{"line":19,"column":24}},"loc":{"start":{"line":19,"column":48},"end":{"line":19,"column":153}},"line":19},"5":{"name":"(anonymous_5)","decl":{"start":{"line":21,"column":16},"end":{"line":21,"column":17}},"loc":{"start":{"line":21,"column":28},"end":{"line":169,"column":1}},"line":21},"6":{"name":"Questions","decl":{"start":{"line":22,"column":13},"end":{"line":22,"column":22}},"loc":{"start":{"line":22,"column":25},"end":{"line":24,"column":5}},"line":22},"7":{"name":"getAllQuestions","decl":{"start":{"line":28,"column":24},"end":{"line":28,"column":39}},"loc":{"start":{"line":28,"column":50},"end":{"line":41,"column":9}},"line":28},"8":{"name":"getQuestion","decl":{"start":{"line":44,"column":24},"end":{"line":44,"column":35}},"loc":{"start":{"line":44,"column":46},"end":{"line":70,"column":9}},"line":44},"9":{"name":"(anonymous_9)","decl":{"start":{"line":50,"column":40},"end":{"line":50,"column":41}},"loc":{"start":{"line":50,"column":60},"end":{"line":61,"column":13}},"line":50},"10":{"name":"getUserQuestion","decl":{"start":{"line":73,"column":24},"end":{"line":73,"column":39}},"loc":{"start":{"line":73,"column":50},"end":{"line":101,"column":9}},"line":73},"11":{"name":"(anonymous_11)","decl":{"start":{"line":78,"column":40},"end":{"line":78,"column":41}},"loc":{"start":{"line":78,"column":60},"end":{"line":84,"column":13}},"line":78},"12":{"name":"createQuestion","decl":{"start":{"line":104,"column":24},"end":{"line":104,"column":38}},"loc":{"start":{"line":104,"column":49},"end":{"line":126,"column":9}},"line":104},"13":{"name":"deleteQuestion","decl":{"start":{"line":129,"column":24},"end":{"line":129,"column":38}},"loc":{"start":{"line":129,"column":49},"end":{"line":165,"column":9}},"line":129},"14":{"name":"(anonymous_14)","decl":{"start":{"line":135,"column":40},"end":{"line":135,"column":41}},"loc":{"start":{"line":135,"column":67},"end":{"line":156,"column":13}},"line":135}},"branchMap":{"0":{"loc":{"start":{"line":7,"column":168},"end":{"line":7,"column":198}},"type":"binary-expr","locations":[{"start":{"line":7,"column":168},"end":{"line":7,"column":189}},{"start":{"line":7,"column":193},"end":{"line":7,"column":198}}],"line":7},"1":{"loc":{"start":{"line":7,"column":232},"end":{"line":7,"column":286}},"type":"if","locations":[{"start":{"line":7,"column":232},"end":{"line":7,"column":286}},{"start":{"line":7,"column":232},"end":{"line":7,"column":286}}],"line":7},"2":{"loc":{"start":{"line":7,"column":407},"end":{"line":7,"column":475}},"type":"if","locations":[{"start":{"line":7,"column":407},"end":{"line":7,"column":475}},{"start":{"line":7,"column":407},"end":{"line":7,"column":475}}],"line":7},"3":{"loc":{"start":{"line":7,"column":476},"end":{"line":7,"column":536}},"type":"if","locations":[{"start":{"line":7,"column":476},"end":{"line":7,"column":536}},{"start":{"line":7,"column":476},"end":{"line":7,"column":536}}],"line":7},"4":{"loc":{"start":{"line":17,"column":46},"end":{"line":17,"column":92}},"type":"cond-expr","locations":[{"start":{"line":17,"column":70},"end":{"line":17,"column":73}},{"start":{"line":17,"column":76},"end":{"line":17,"column":92}}],"line":17},"5":{"loc":{"start":{"line":17,"column":46},"end":{"line":17,"column":67}},"type":"binary-expr","locations":[{"start":{"line":17,"column":46},"end":{"line":17,"column":49}},{"start":{"line":17,"column":53},"end":{"line":17,"column":67}}],"line":17},"6":{"loc":{"start":{"line":19,"column":50},"end":{"line":19,"column":151}},"type":"if","locations":[{"start":{"line":19,"column":50},"end":{"line":19,"column":151}},{"start":{"line":19,"column":50},"end":{"line":19,"column":151}}],"line":19},"7":{"loc":{"start":{"line":29,"column":12},"end":{"line":40,"column":13}},"type":"if","locations":[{"start":{"line":29,"column":12},"end":{"line":40,"column":13}},{"start":{"line":29,"column":12},"end":{"line":40,"column":13}}],"line":29},"8":{"loc":{"start":{"line":52,"column":16},"end":{"line":60,"column":17}},"type":"if","locations":[{"start":{"line":52,"column":16},"end":{"line":60,"column":17}},{"start":{"line":52,"column":16},"end":{"line":60,"column":17}}],"line":52},"9":{"loc":{"start":{"line":63,"column":12},"end":{"line":69,"column":13}},"type":"if","locations":[{"start":{"line":63,"column":12},"end":{"line":69,"column":13}},{"start":{"line":63,"column":12},"end":{"line":69,"column":13}}],"line":63},"10":{"loc":{"start":{"line":80,"column":16},"end":{"line":83,"column":17}},"type":"if","locations":[{"start":{"line":80,"column":16},"end":{"line":83,"column":17}},{"start":{"line":80,"column":16},"end":{"line":83,"column":17}}],"line":80},"11":{"loc":{"start":{"line":85,"column":12},"end":{"line":92,"column":13}},"type":"if","locations":[{"start":{"line":85,"column":12},"end":{"line":92,"column":13}},{"start":{"line":85,"column":12},"end":{"line":92,"column":13}}],"line":85},"12":{"loc":{"start":{"line":94,"column":12},"end":{"line":100,"column":13}},"type":"if","locations":[{"start":{"line":94,"column":12},"end":{"line":100,"column":13}},{"start":{"line":94,"column":12},"end":{"line":100,"column":13}}],"line":94},"13":{"loc":{"start":{"line":137,"column":16},"end":{"line":155,"column":17}},"type":"if","locations":[{"start":{"line":137,"column":16},"end":{"line":155,"column":17}},{"start":{"line":137,"column":16},"end":{"line":155,"column":17}}],"line":137},"14":{"loc":{"start":{"line":140,"column":20},"end":{"line":154,"column":21}},"type":"if","locations":[{"start":{"line":140,"column":20},"end":{"line":154,"column":21}},{"start":{"line":140,"column":20},"end":{"line":154,"column":21}}],"line":140},"15":{"loc":{"start":{"line":158,"column":12},"end":{"line":164,"column":13}},"type":"if","locations":[{"start":{"line":158,"column":12},"end":{"line":164,"column":13}},{"start":{"line":158,"column":12},"end":{"line":164,"column":13}}],"line":158}},"s":{"0":1,"1":1,"2":1,"3":5,"4":5,"5":5,"6":5,"7":5,"8":5,"9":1,"10":1,"11":0,"12":1,"13":1,"14":1,"15":1,"16":1,"17":1,"18":1,"19":2,"20":0,"21":0,"22":1,"23":0,"24":1,"25":1,"26":1,"27":0,"28":3,"29":3,"30":3,"31":3,"32":15,"33":1,"34":1,"35":1,"36":3,"37":2,"38":4,"39":4,"40":4,"41":4,"42":20,"43":4,"44":4,"45":4,"46":2,"47":2,"48":2,"49":2,"50":2,"51":1,"52":1,"53":1,"54":1,"55":1,"56":1,"57":3,"58":3,"59":2,"60":2,"61":2,"62":9,"63":2,"64":2,"65":1,"66":1,"67":1,"68":2,"69":0,"70":1,"71":1},"f":{"0":1,"1":1,"2":1,"3":2,"4":0,"5":1,"6":0,"7":1,"8":3,"9":15,"10":4,"11":20,"12":2,"13":3,"14":9},"b":{"0":[5,5],"1":[5,0],"2":[0,1],"3":[1,0],"4":[2,0],"5":[2,2],"6":[0,0],"7":[1,0],"8":[1,14],"9":[2,1],"10":[4,16],"11":[2,2],"12":[2,0],"13":[2,7],"14":[1,1],"15":[0,2]},"_coverageSchema":"d34fc3e6b8297bcde183f5492bcb8fcb36775295","hash":"ba20c4094552708beb5058e8a830223d71bd4656","contentHash":"fc21e1dc7b40bd287cd9ebe213032f20"},"C:\\Users\\User\\Desktop\\andela\\overflow\\overflow-api\\overflow-api-v1\\server\\dummyModel\\QuestionModel.js":{"path":"C:\\Users\\User\\Desktop\\andela\\overflow\\overflow-api\\overflow-api-v1\\server\\dummyModel\\QuestionModel.js","statementMap":{"0":{"start":{"line":3,"column":0},"end":{"line":5,"column":3}},"1":{"start":{"line":7,"column":16},"end":{"line":31,"column":2}},"2":{"start":{"line":33,"column":0},"end":{"line":33,"column":28}}},"fnMap":{},"branchMap":{},"s":{"0":1,"1":1,"2":1},"f":{},"b":{},"_coverageSchema":"d34fc3e6b8297bcde183f5492bcb8fcb36775295","hash":"307678e91b7a2cc23c0fbc62bd188c05b722a2a5","contentHash":"271ebfd958b1326199273a4fbefa0dd8"},"C:\\Users\\User\\Desktop\\andela\\overflow\\overflow-api\\overflow-api-v1\\server\\controllers\\AnswersController.js":{"path":"C:\\Users\\User\\Desktop\\andela\\overflow\\overflow-api\\overflow-api-v1\\server\\controllers\\AnswersController.js","statementMap":{"0":{"start":{"line":3,"column":0},"end":{"line":5,"column":3}},"1":{"start":{"line":7,"column":19},"end":{"line":7,"column":563}},"2":{"start":{"line":7,"column":76},"end":{"line":7,"column":347}},"3":{"start":{"line":7,"column":134},"end":{"line":7,"column":142}},"4":{"start":{"line":7,"column":144},"end":{"line":7,"column":199}},"5":{"start":{"line":7,"column":200},"end":{"line":7,"column":231}},"6":{"start":{"line":7,"column":232},"end":{"line":7,"column":286}},"7":{"start":{"line":7,"column":259},"end":{"line":7,"column":286}},"8":{"start":{"line":7,"column":287},"end":{"line":7,"column":345}},"9":{"start":{"line":7,"column":350},"end":{"line":7,"column":559}},"10":{"start":{"line":7,"column":407},"end":{"line":7,"column":475}},"11":{"start":{"line":7,"column":423},"end":{"line":7,"column":475}},"12":{"start":{"line":7,"column":476},"end":{"line":7,"column":536}},"13":{"start":{"line":7,"column":493},"end":{"line":7,"column":536}},"14":{"start":{"line":7,"column":537},"end":{"line":7,"column":556}},"15":{"start":{"line":9,"column":21},"end":{"line":9,"column":59}},"16":{"start":{"line":11,"column":22},"end":{"line":11,"column":60}},"17":{"start":{"line":13,"column":17},"end":{"line":13,"column":51}},"18":{"start":{"line":15,"column":18},"end":{"line":15,"column":52}},"19":{"start":{"line":17,"column":19},"end":{"line":17,"column":55}},"20":{"start":{"line":19,"column":20},"end":{"line":19,"column":56}},"21":{"start":{"line":21,"column":39},"end":{"line":21,"column":93}},"22":{"start":{"line":23,"column":50},"end":{"line":23,"column":151}},"23":{"start":{"line":23,"column":92},"end":{"line":23,"column":149}},"24":{"start":{"line":25,"column":14},"end":{"line":102,"column":3}},"25":{"start":{"line":27,"column":8},"end":{"line":27,"column":39}},"26":{"start":{"line":30,"column":4},"end":{"line":99,"column":8}},"27":{"start":{"line":33,"column":29},"end":{"line":33,"column":50}},"28":{"start":{"line":34,"column":32},"end":{"line":34,"column":44}},"29":{"start":{"line":35,"column":21},"end":{"line":35,"column":37}},"30":{"start":{"line":36,"column":23},"end":{"line":36,"column":41}},"31":{"start":{"line":37,"column":23},"end":{"line":37,"column":36}},"32":{"start":{"line":40,"column":24},"end":{"line":40,"column":29}},"33":{"start":{"line":41,"column":12},"end":{"line":65,"column":15}},"34":{"start":{"line":42,"column":16},"end":{"line":42,"column":53}},"35":{"start":{"line":43,"column":16},"end":{"line":64,"column":17}},"36":{"start":{"line":44,"column":20},"end":{"line":44,"column":33}},"37":{"start":{"line":45,"column":20},"end":{"line":52,"column":23}},"38":{"start":{"line":54,"column":20},"end":{"line":58,"column":23}},"39":{"start":{"line":59,"column":23},"end":{"line":64,"column":17}},"40":{"start":{"line":60,"column":20},"end":{"line":63,"column":23}},"41":{"start":{"line":72,"column":29},"end":{"line":72,"column":50}},"42":{"start":{"line":74,"column":24},"end":{"line":74,"column":29}},"43":{"start":{"line":75,"column":26},"end":{"line":75,"column":28}},"44":{"start":{"line":76,"column":12},"end":{"line":82,"column":15}},"45":{"start":{"line":78,"column":16},"end":{"line":81,"column":17}},"46":{"start":{"line":79,"column":20},"end":{"line":79,"column":33}},"47":{"start":{"line":80,"column":20},"end":{"line":80,"column":41}},"48":{"start":{"line":83,"column":12},"end":{"line":89,"column":13}},"49":{"start":{"line":84,"column":16},"end":{"line":88,"column":19}},"50":{"start":{"line":91,"column":12},"end":{"line":97,"column":13}},"51":{"start":{"line":92,"column":16},"end":{"line":96,"column":19}},"52":{"start":{"line":101,"column":4},"end":{"line":101,"column":19}},"53":{"start":{"line":104,"column":0},"end":{"line":104,"column":26}}},"fnMap":{"0":{"name":"(anonymous_0)","decl":{"start":{"line":7,"column":19},"end":{"line":7,"column":20}},"loc":{"start":{"line":7,"column":31},"end":{"line":7,"column":561}},"line":7},"1":{"name":"defineProperties","decl":{"start":{"line":7,"column":42},"end":{"line":7,"column":58}},"loc":{"start":{"line":7,"column":74},"end":{"line":7,"column":349}},"line":7},"2":{"name":"(anonymous_2)","decl":{"start":{"line":7,"column":357},"end":{"line":7,"column":358}},"loc":{"start":{"line":7,"column":405},"end":{"line":7,"column":558}},"line":7},"3":{"name":"_interopRequireDefault","decl":{"start":{"line":21,"column":9},"end":{"line":21,"column":31}},"loc":{"start":{"line":21,"column":37},"end":{"line":21,"column":95}},"line":21},"4":{"name":"_classCallCheck","decl":{"start":{"line":23,"column":9},"end":{"line":23,"column":24}},"loc":{"start":{"line":23,"column":48},"end":{"line":23,"column":153}},"line":23},"5":{"name":"(anonymous_5)","decl":{"start":{"line":25,"column":14},"end":{"line":25,"column":15}},"loc":{"start":{"line":25,"column":26},"end":{"line":102,"column":1}},"line":25},"6":{"name":"Answers","decl":{"start":{"line":26,"column":13},"end":{"line":26,"column":20}},"loc":{"start":{"line":26,"column":23},"end":{"line":28,"column":5}},"line":26},"7":{"name":"createAnswer","decl":{"start":{"line":32,"column":24},"end":{"line":32,"column":36}},"loc":{"start":{"line":32,"column":47},"end":{"line":68,"column":9}},"line":32},"8":{"name":"(anonymous_8)","decl":{"start":{"line":41,"column":40},"end":{"line":41,"column":41}},"loc":{"start":{"line":41,"column":60},"end":{"line":65,"column":13}},"line":41},"9":{"name":"getAnswer","decl":{"start":{"line":71,"column":24},"end":{"line":71,"column":33}},"loc":{"start":{"line":71,"column":44},"end":{"line":98,"column":9}},"line":71},"10":{"name":"(anonymous_10)","decl":{"start":{"line":76,"column":38},"end":{"line":76,"column":39}},"loc":{"start":{"line":76,"column":56},"end":{"line":82,"column":13}},"line":76}},"branchMap":{"0":{"loc":{"start":{"line":7,"column":168},"end":{"line":7,"column":198}},"type":"binary-expr","locations":[{"start":{"line":7,"column":168},"end":{"line":7,"column":189}},{"start":{"line":7,"column":193},"end":{"line":7,"column":198}}],"line":7},"1":{"loc":{"start":{"line":7,"column":232},"end":{"line":7,"column":286}},"type":"if","locations":[{"start":{"line":7,"column":232},"end":{"line":7,"column":286}},{"start":{"line":7,"column":232},"end":{"line":7,"column":286}}],"line":7},"2":{"loc":{"start":{"line":7,"column":407},"end":{"line":7,"column":475}},"type":"if","locations":[{"start":{"line":7,"column":407},"end":{"line":7,"column":475}},{"start":{"line":7,"column":407},"end":{"line":7,"column":475}}],"line":7},"3":{"loc":{"start":{"line":7,"column":476},"end":{"line":7,"column":536}},"type":"if","locations":[{"start":{"line":7,"column":476},"end":{"line":7,"column":536}},{"start":{"line":7,"column":476},"end":{"line":7,"column":536}}],"line":7},"4":{"loc":{"start":{"line":21,"column":46},"end":{"line":21,"column":92}},"type":"cond-expr","locations":[{"start":{"line":21,"column":70},"end":{"line":21,"column":73}},{"start":{"line":21,"column":76},"end":{"line":21,"column":92}}],"line":21},"5":{"loc":{"start":{"line":21,"column":46},"end":{"line":21,"column":67}},"type":"binary-expr","locations":[{"start":{"line":21,"column":46},"end":{"line":21,"column":49}},{"start":{"line":21,"column":53},"end":{"line":21,"column":67}}],"line":21},"6":{"loc":{"start":{"line":23,"column":50},"end":{"line":23,"column":151}},"type":"if","locations":[{"start":{"line":23,"column":50},"end":{"line":23,"column":151}},{"start":{"line":23,"column":50},"end":{"line":23,"column":151}}],"line":23},"7":{"loc":{"start":{"line":43,"column":16},"end":{"line":64,"column":17}},"type":"if","locations":[{"start":{"line":43,"column":16},"end":{"line":64,"column":17}},{"start":{"line":43,"column":16},"end":{"line":64,"column":17}}],"line":43},"8":{"loc":{"start":{"line":59,"column":23},"end":{"line":64,"column":17}},"type":"if","locations":[{"start":{"line":59,"column":23},"end":{"line":64,"column":17}},{"start":{"line":59,"column":23},"end":{"line":64,"column":17}}],"line":59},"9":{"loc":{"start":{"line":78,"column":16},"end":{"line":81,"column":17}},"type":"if","locations":[{"start":{"line":78,"column":16},"end":{"line":81,"column":17}},{"start":{"line":78,"column":16},"end":{"line":81,"column":17}}],"line":78},"10":{"loc":{"start":{"line":83,"column":12},"end":{"line":89,"column":13}},"type":"if","locations":[{"start":{"line":83,"column":12},"end":{"line":89,"column":13}},{"start":{"line":83,"column":12},"end":{"line":89,"column":13}}],"line":83},"11":{"loc":{"start":{"line":91,"column":12},"end":{"line":97,"column":13}},"type":"if","locations":[{"start":{"line":91,"column":12},"end":{"line":97,"column":13}},{"start":{"line":91,"column":12},"end":{"line":97,"column":13}}],"line":91}},"s":{"0":1,"1":1,"2":1,"3":2,"4":2,"5":2,"6":2,"7":2,"8":2,"9":1,"10":1,"11":0,"12":1,"13":1,"14":1,"15":1,"16":1,"17":1,"18":1,"19":1,"20":1,"21":3,"22":0,"23":0,"24":1,"25":0,"26":1,"27":3,"28":3,"29":3,"30":2,"31":2,"32":2,"33":2,"34":6,"35":6,"36":1,"37":1,"38":1,"39":5,"40":2,"41":3,"42":3,"43":3,"44":3,"45":15,"46":4,"47":4,"48":3,"49":1,"50":2,"51":2,"52":1,"53":1},"f":{"0":1,"1":1,"2":1,"3":3,"4":0,"5":1,"6":0,"7":3,"8":6,"9":3,"10":15},"b":{"0":[2,2],"1":[2,0],"2":[0,1],"3":[1,0],"4":[3,0],"5":[3,3],"6":[0,0],"7":[1,5],"8":[2,3],"9":[4,11],"10":[1,2],"11":[2,0]},"_coverageSchema":"d34fc3e6b8297bcde183f5492bcb8fcb36775295","hash":"039c85140a75ebcf031bd32c1d57dbcffc1db32c","contentHash":"250a6de21806585c7c95ff50444d7982"},"C:\\Users\\User\\Desktop\\andela\\overflow\\overflow-api\\overflow-api-v1\\server\\dummyModel\\AnswerModel.js":{"path":"C:\\Users\\User\\Desktop\\andela\\overflow\\overflow-api\\overflow-api-v1\\server\\dummyModel\\AnswerModel.js","statementMap":{"0":{"start":{"line":3,"column":0},"end":{"line":5,"column":3}},"1":{"start":{"line":6,"column":14},"end":{"line":34,"column":2}},"2":{"start":{"line":36,"column":0},"end":{"line":36,"column":26}}},"fnMap":{},"branchMap":{},"s":{"0":1,"1":1,"2":1},"f":{},"b":{},"_coverageSchema":"d34fc3e6b8297bcde183f5492bcb8fcb36775295","hash":"12cbec5064d8c7f8b0574609aa2359faad9c97fe","contentHash":"b314f039020016612d185bcee2ad9a5a"},"C:\\Users\\User\\Desktop\\andela\\overflow\\overflow-api\\overflow-api-v1\\server\\middleware\\userValidator.js":{"path":"C:\\Users\\User\\Desktop\\andela\\overflow\\overflow-api\\overflow-api-v1\\server\\middleware\\userValidator.js","statementMap":{"0":{"start":{"line":3,"column":0},"end":{"line":5,"column":3}},"1":{"start":{"line":7,"column":19},"end":{"line":7,"column":563}},"2":{"start":{"line":7,"column":76},"end":{"line":7,"column":347}},"3":{"start":{"line":7,"column":134},"end":{"line":7,"column":142}},"4":{"start":{"line":7,"column":144},"end":{"line":7,"column":199}},"5":{"start":{"line":7,"column":200},"end":{"line":7,"column":231}},"6":{"start":{"line":7,"column":232},"end":{"line":7,"column":286}},"7":{"start":{"line":7,"column":259},"end":{"line":7,"column":286}},"8":{"start":{"line":7,"column":287},"end":{"line":7,"column":345}},"9":{"start":{"line":7,"column":350},"end":{"line":7,"column":559}},"10":{"start":{"line":7,"column":407},"end":{"line":7,"column":475}},"11":{"start":{"line":7,"column":423},"end":{"line":7,"column":475}},"12":{"start":{"line":7,"column":476},"end":{"line":7,"column":536}},"13":{"start":{"line":7,"column":493},"end":{"line":7,"column":536}},"14":{"start":{"line":7,"column":537},"end":{"line":7,"column":556}},"15":{"start":{"line":9,"column":50},"end":{"line":9,"column":151}},"16":{"start":{"line":9,"column":92},"end":{"line":9,"column":149}},"17":{"start":{"line":11,"column":20},"end":{"line":71,"column":3}},"18":{"start":{"line":13,"column":4},"end":{"line":13,"column":41}},"19":{"start":{"line":16,"column":2},"end":{"line":68,"column":6}},"20":{"start":{"line":19,"column":6},"end":{"line":41,"column":7}},"21":{"start":{"line":20,"column":8},"end":{"line":23,"column":11}},"22":{"start":{"line":25,"column":8},"end":{"line":25,"column":57}},"23":{"start":{"line":26,"column":8},"end":{"line":26,"column":59}},"24":{"start":{"line":27,"column":8},"end":{"line":27,"column":59}},"25":{"start":{"line":28,"column":8},"end":{"line":28,"column":65}},"26":{"start":{"line":29,"column":8},"end":{"line":29,"column":94}},"27":{"start":{"line":31,"column":21},"end":{"line":31,"column":43}},"28":{"start":{"line":32,"column":31},"end":{"line":32,"column":33}},"29":{"start":{"line":33,"column":8},"end":{"line":40,"column":9}},"30":{"start":{"line":34,"column":10},"end":{"line":36,"column":13}},"31":{"start":{"line":35,"column":12},"end":{"line":35,"column":50}},"32":{"start":{"line":37,"column":10},"end":{"line":39,"column":13}},"33":{"start":{"line":42,"column":6},"end":{"line":42,"column":20}},"34":{"start":{"line":47,"column":6},"end":{"line":65,"column":7}},"35":{"start":{"line":48,"column":8},"end":{"line":51,"column":11}},"36":{"start":{"line":53,"column":8},"end":{"line":53,"column":59}},"37":{"start":{"line":54,"column":8},"end":{"line":54,"column":65}},"38":{"start":{"line":55,"column":21},"end":{"line":55,"column":43}},"39":{"start":{"line":56,"column":31},"end":{"line":56,"column":33}},"40":{"start":{"line":57,"column":8},"end":{"line":64,"column":9}},"41":{"start":{"line":58,"column":10},"end":{"line":60,"column":13}},"42":{"start":{"line":59,"column":12},"end":{"line":59,"column":50}},"43":{"start":{"line":61,"column":10},"end":{"line":63,"column":13}},"44":{"start":{"line":66,"column":6},"end":{"line":66,"column":20}},"45":{"start":{"line":70,"column":2},"end":{"line":70,"column":23}},"46":{"start":{"line":75,"column":0},"end":{"line":75,"column":32}}},"fnMap":{"0":{"name":"(anonymous_0)","decl":{"start":{"line":7,"column":19},"end":{"line":7,"column":20}},"loc":{"start":{"line":7,"column":31},"end":{"line":7,"column":561}},"line":7},"1":{"name":"defineProperties","decl":{"start":{"line":7,"column":42},"end":{"line":7,"column":58}},"loc":{"start":{"line":7,"column":74},"end":{"line":7,"column":349}},"line":7},"2":{"name":"(anonymous_2)","decl":{"start":{"line":7,"column":357},"end":{"line":7,"column":358}},"loc":{"start":{"line":7,"column":405},"end":{"line":7,"column":558}},"line":7},"3":{"name":"_classCallCheck","decl":{"start":{"line":9,"column":9},"end":{"line":9,"column":24}},"loc":{"start":{"line":9,"column":48},"end":{"line":9,"column":153}},"line":9},"4":{"name":"(anonymous_4)","decl":{"start":{"line":11,"column":20},"end":{"line":11,"column":21}},"loc":{"start":{"line":11,"column":32},"end":{"line":71,"column":1}},"line":11},"5":{"name":"userValidator","decl":{"start":{"line":12,"column":11},"end":{"line":12,"column":24}},"loc":{"start":{"line":12,"column":27},"end":{"line":14,"column":3}},"line":12},"6":{"name":"userSignUp","decl":{"start":{"line":18,"column":20},"end":{"line":18,"column":30}},"loc":{"start":{"line":18,"column":47},"end":{"line":43,"column":5}},"line":18},"7":{"name":"(anonymous_7)","decl":{"start":{"line":34,"column":21},"end":{"line":34,"column":22}},"loc":{"start":{"line":34,"column":36},"end":{"line":36,"column":11}},"line":34},"8":{"name":"userLogin","decl":{"start":{"line":46,"column":20},"end":{"line":46,"column":29}},"loc":{"start":{"line":46,"column":46},"end":{"line":67,"column":5}},"line":46},"9":{"name":"(anonymous_9)","decl":{"start":{"line":58,"column":21},"end":{"line":58,"column":22}},"loc":{"start":{"line":58,"column":36},"end":{"line":60,"column":11}},"line":58}},"branchMap":{"0":{"loc":{"start":{"line":7,"column":168},"end":{"line":7,"column":198}},"type":"binary-expr","locations":[{"start":{"line":7,"column":168},"end":{"line":7,"column":189}},{"start":{"line":7,"column":193},"end":{"line":7,"column":198}}],"line":7},"1":{"loc":{"start":{"line":7,"column":232},"end":{"line":7,"column":286}},"type":"if","locations":[{"start":{"line":7,"column":232},"end":{"line":7,"column":286}},{"start":{"line":7,"column":232},"end":{"line":7,"column":286}}],"line":7},"2":{"loc":{"start":{"line":7,"column":407},"end":{"line":7,"column":475}},"type":"if","locations":[{"start":{"line":7,"column":407},"end":{"line":7,"column":475}},{"start":{"line":7,"column":407},"end":{"line":7,"column":475}}],"line":7},"3":{"loc":{"start":{"line":7,"column":476},"end":{"line":7,"column":536}},"type":"if","locations":[{"start":{"line":7,"column":476},"end":{"line":7,"column":536}},{"start":{"line":7,"column":476},"end":{"line":7,"column":536}}],"line":7},"4":{"loc":{"start":{"line":9,"column":50},"end":{"line":9,"column":151}},"type":"if","locations":[{"start":{"line":9,"column":50},"end":{"line":9,"column":151}},{"start":{"line":9,"column":50},"end":{"line":9,"column":151}}],"line":9},"5":{"loc":{"start":{"line":19,"column":6},"end":{"line":41,"column":7}},"type":"if","locations":[{"start":{"line":19,"column":6},"end":{"line":41,"column":7}},{"start":{"line":19,"column":6},"end":{"line":41,"column":7}}],"line":19},"6":{"loc":{"start":{"line":19,"column":10},"end":{"line":19,"column":104}},"type":"binary-expr","locations":[{"start":{"line":19,"column":10},"end":{"line":19,"column":37}},{"start":{"line":19,"column":41},"end":{"line":19,"column":69}},{"start":{"line":19,"column":73},"end":{"line":19,"column":104}}],"line":19},"7":{"loc":{"start":{"line":33,"column":8},"end":{"line":40,"column":9}},"type":"if","locations":[{"start":{"line":33,"column":8},"end":{"line":40,"column":9}},{"start":{"line":33,"column":8},"end":{"line":40,"column":9}}],"line":33},"8":{"loc":{"start":{"line":47,"column":6},"end":{"line":65,"column":7}},"type":"if","locations":[{"start":{"line":47,"column":6},"end":{"line":65,"column":7}},{"start":{"line":47,"column":6},"end":{"line":65,"column":7}}],"line":47},"9":{"loc":{"start":{"line":47,"column":10},"end":{"line":47,"column":73}},"type":"binary-expr","locations":[{"start":{"line":47,"column":10},"end":{"line":47,"column":38}},{"start":{"line":47,"column":42},"end":{"line":47,"column":73}}],"line":47},"10":{"loc":{"start":{"line":57,"column":8},"end":{"line":64,"column":9}},"type":"if","locations":[{"start":{"line":57,"column":8},"end":{"line":64,"column":9}},{"start":{"line":57,"column":8},"end":{"line":64,"column":9}}],"line":57}},"s":{"0":1,"1":1,"2":1,"3":2,"4":2,"5":2,"6":2,"7":2,"8":2,"9":1,"10":1,"11":0,"12":1,"13":1,"14":1,"15":0,"16":0,"17":1,"18":0,"19":1,"20":2,"21":0,"22":2,"23":2,"24":2,"25":2,"26":2,"27":2,"28":2,"29":2,"30":0,"31":0,"32":0,"33":2,"34":4,"35":0,"36":4,"37":4,"38":4,"39":4,"40":4,"41":0,"42":0,"43":0,"44":4,"45":1,"46":1},"f":{"0":1,"1":1,"2":1,"3":0,"4":1,"5":0,"6":2,"7":0,"8":4,"9":0},"b":{"0":[2,2],"1":[2,0],"2":[0,1],"3":[1,0],"4":[0,0],"5":[0,2],"6":[2,2,2],"7":[0,2],"8":[0,4],"9":[4,4],"10":[0,4]},"_coverageSchema":"d34fc3e6b8297bcde183f5492bcb8fcb36775295","hash":"bffff25b459066fa8ec98d3d4783db7882455ba4","contentHash":"ffaa94fca0588b3b819b20a73414ba20"},"C:\\Users\\User\\Desktop\\andela\\overflow\\overflow-api\\overflow-api-v1\\server\\middleware\\questionValidator.js":{"path":"C:\\Users\\User\\Desktop\\andela\\overflow\\overflow-api\\overflow-api-v1\\server\\middleware\\questionValidator.js","statementMap":{"0":{"start":{"line":3,"column":0},"end":{"line":5,"column":3}},"1":{"start":{"line":7,"column":19},"end":{"line":7,"column":563}},"2":{"start":{"line":7,"column":76},"end":{"line":7,"column":347}},"3":{"start":{"line":7,"column":134},"end":{"line":7,"column":142}},"4":{"start":{"line":7,"column":144},"end":{"line":7,"column":199}},"5":{"start":{"line":7,"column":200},"end":{"line":7,"column":231}},"6":{"start":{"line":7,"column":232},"end":{"line":7,"column":286}},"7":{"start":{"line":7,"column":259},"end":{"line":7,"column":286}},"8":{"start":{"line":7,"column":287},"end":{"line":7,"column":345}},"9":{"start":{"line":7,"column":350},"end":{"line":7,"column":559}},"10":{"start":{"line":7,"column":407},"end":{"line":7,"column":475}},"11":{"start":{"line":7,"column":423},"end":{"line":7,"column":475}},"12":{"start":{"line":7,"column":476},"end":{"line":7,"column":536}},"13":{"start":{"line":7,"column":493},"end":{"line":7,"column":536}},"14":{"start":{"line":7,"column":537},"end":{"line":7,"column":556}},"15":{"start":{"line":9,"column":50},"end":{"line":9,"column":151}},"16":{"start":{"line":9,"column":92},"end":{"line":9,"column":149}},"17":{"start":{"line":11,"column":24},"end":{"line":44,"column":3}},"18":{"start":{"line":13,"column":4},"end":{"line":13,"column":45}},"19":{"start":{"line":16,"column":2},"end":{"line":41,"column":6}},"20":{"start":{"line":19,"column":6},"end":{"line":39,"column":7}},"21":{"start":{"line":20,"column":8},"end":{"line":23,"column":11}},"22":{"start":{"line":25,"column":8},"end":{"line":25,"column":68}},"23":{"start":{"line":26,"column":8},"end":{"line":26,"column":66}},"24":{"start":{"line":28,"column":21},"end":{"line":28,"column":43}},"25":{"start":{"line":29,"column":31},"end":{"line":29,"column":33}},"26":{"start":{"line":30,"column":8},"end":{"line":37,"column":9}},"27":{"start":{"line":31,"column":10},"end":{"line":33,"column":13}},"28":{"start":{"line":32,"column":12},"end":{"line":32,"column":50}},"29":{"start":{"line":34,"column":10},"end":{"line":36,"column":13}},"30":{"start":{"line":38,"column":8},"end":{"line":38,"column":22}},"31":{"start":{"line":43,"column":2},"end":{"line":43,"column":27}},"32":{"start":{"line":48,"column":0},"end":{"line":48,"column":36}}},"fnMap":{"0":{"name":"(anonymous_0)","decl":{"start":{"line":7,"column":19},"end":{"line":7,"column":20}},"loc":{"start":{"line":7,"column":31},"end":{"line":7,"column":561}},"line":7},"1":{"name":"defineProperties","decl":{"start":{"line":7,"column":42},"end":{"line":7,"column":58}},"loc":{"start":{"line":7,"column":74},"end":{"line":7,"column":349}},"line":7},"2":{"name":"(anonymous_2)","decl":{"start":{"line":7,"column":357},"end":{"line":7,"column":358}},"loc":{"start":{"line":7,"column":405},"end":{"line":7,"column":558}},"line":7},"3":{"name":"_classCallCheck","decl":{"start":{"line":9,"column":9},"end":{"line":9,"column":24}},"loc":{"start":{"line":9,"column":48},"end":{"line":9,"column":153}},"line":9},"4":{"name":"(anonymous_4)","decl":{"start":{"line":11,"column":24},"end":{"line":11,"column":25}},"loc":{"start":{"line":11,"column":36},"end":{"line":44,"column":1}},"line":11},"5":{"name":"questionValidator","decl":{"start":{"line":12,"column":11},"end":{"line":12,"column":28}},"loc":{"start":{"line":12,"column":31},"end":{"line":14,"column":3}},"line":12},"6":{"name":"createQuestionValidator","decl":{"start":{"line":18,"column":20},"end":{"line":18,"column":43}},"loc":{"start":{"line":18,"column":60},"end":{"line":40,"column":5}},"line":18},"7":{"name":"(anonymous_7)","decl":{"start":{"line":31,"column":21},"end":{"line":31,"column":22}},"loc":{"start":{"line":31,"column":36},"end":{"line":33,"column":11}},"line":31}},"branchMap":{"0":{"loc":{"start":{"line":7,"column":168},"end":{"line":7,"column":198}},"type":"binary-expr","locations":[{"start":{"line":7,"column":168},"end":{"line":7,"column":189}},{"start":{"line":7,"column":193},"end":{"line":7,"column":198}}],"line":7},"1":{"loc":{"start":{"line":7,"column":232},"end":{"line":7,"column":286}},"type":"if","locations":[{"start":{"line":7,"column":232},"end":{"line":7,"column":286}},{"start":{"line":7,"column":232},"end":{"line":7,"column":286}}],"line":7},"2":{"loc":{"start":{"line":7,"column":407},"end":{"line":7,"column":475}},"type":"if","locations":[{"start":{"line":7,"column":407},"end":{"line":7,"column":475}},{"start":{"line":7,"column":407},"end":{"line":7,"column":475}}],"line":7},"3":{"loc":{"start":{"line":7,"column":476},"end":{"line":7,"column":536}},"type":"if","locations":[{"start":{"line":7,"column":476},"end":{"line":7,"column":536}},{"start":{"line":7,"column":476},"end":{"line":7,"column":536}}],"line":7},"4":{"loc":{"start":{"line":9,"column":50},"end":{"line":9,"column":151}},"type":"if","locations":[{"start":{"line":9,"column":50},"end":{"line":9,"column":151}},{"start":{"line":9,"column":50},"end":{"line":9,"column":151}}],"line":9},"5":{"loc":{"start":{"line":19,"column":6},"end":{"line":39,"column":7}},"type":"if","locations":[{"start":{"line":19,"column":6},"end":{"line":39,"column":7}},{"start":{"line":19,"column":6},"end":{"line":39,"column":7}}],"line":19},"6":{"loc":{"start":{"line":19,"column":10},"end":{"line":19,"column":69}},"type":"binary-expr","locations":[{"start":{"line":19,"column":10},"end":{"line":19,"column":38}},{"start":{"line":19,"column":42},"end":{"line":19,"column":69}}],"line":19},"7":{"loc":{"start":{"line":30,"column":8},"end":{"line":37,"column":9}},"type":"if","locations":[{"start":{"line":30,"column":8},"end":{"line":37,"column":9}},{"start":{"line":30,"column":8},"end":{"line":37,"column":9}}],"line":30}},"s":{"0":1,"1":1,"2":1,"3":1,"4":1,"5":1,"6":1,"7":1,"8":1,"9":1,"10":1,"11":0,"12":1,"13":1,"14":1,"15":0,"16":0,"17":1,"18":0,"19":1,"20":4,"21":1,"22":3,"23":3,"24":3,"25":3,"26":3,"27":0,"28":0,"29":0,"30":3,"31":1,"32":1},"f":{"0":1,"1":1,"2":1,"3":0,"4":1,"5":0,"6":4,"7":0},"b":{"0":[1,1],"1":[1,0],"2":[0,1],"3":[1,0],"4":[0,0],"5":[1,3],"6":[4,3],"7":[0,3]},"_coverageSchema":"d34fc3e6b8297bcde183f5492bcb8fcb36775295","hash":"e47fb944a7abab3b4510a0dd866d5cc040d86cfa","contentHash":"b3b2c77b7483aa6ebcb073a2c592f099"},"C:\\Users\\User\\Desktop\\andela\\overflow\\overflow-api\\overflow-api-v1\\server\\middleware\\answerValidator.js":{"path":"C:\\Users\\User\\Desktop\\andela\\overflow\\overflow-api\\overflow-api-v1\\server\\middleware\\answerValidator.js","statementMap":{"0":{"start":{"line":3,"column":0},"end":{"line":5,"column":3}},"1":{"start":{"line":7,"column":19},"end":{"line":7,"column":563}},"2":{"start":{"line":7,"column":76},"end":{"line":7,"column":347}},"3":{"start":{"line":7,"column":134},"end":{"line":7,"column":142}},"4":{"start":{"line":7,"column":144},"end":{"line":7,"column":199}},"5":{"start":{"line":7,"column":200},"end":{"line":7,"column":231}},"6":{"start":{"line":7,"column":232},"end":{"line":7,"column":286}},"7":{"start":{"line":7,"column":259},"end":{"line":7,"column":286}},"8":{"start":{"line":7,"column":287},"end":{"line":7,"column":345}},"9":{"start":{"line":7,"column":350},"end":{"line":7,"column":559}},"10":{"start":{"line":7,"column":407},"end":{"line":7,"column":475}},"11":{"start":{"line":7,"column":423},"end":{"line":7,"column":475}},"12":{"start":{"line":7,"column":476},"end":{"line":7,"column":536}},"13":{"start":{"line":7,"column":493},"end":{"line":7,"column":536}},"14":{"start":{"line":7,"column":537},"end":{"line":7,"column":556}},"15":{"start":{"line":9,"column":50},"end":{"line":9,"column":151}},"16":{"start":{"line":9,"column":92},"end":{"line":9,"column":149}},"17":{"start":{"line":11,"column":22},"end":{"line":42,"column":3}},"18":{"start":{"line":13,"column":4},"end":{"line":13,"column":43}},"19":{"start":{"line":16,"column":2},"end":{"line":39,"column":6}},"20":{"start":{"line":19,"column":6},"end":{"line":37,"column":7}},"21":{"start":{"line":20,"column":8},"end":{"line":23,"column":11}},"22":{"start":{"line":25,"column":8},"end":{"line":25,"column":66}},"23":{"start":{"line":26,"column":21},"end":{"line":26,"column":43}},"24":{"start":{"line":27,"column":31},"end":{"line":27,"column":33}},"25":{"start":{"line":28,"column":8},"end":{"line":35,"column":9}},"26":{"start":{"line":29,"column":10},"end":{"line":31,"column":13}},"27":{"start":{"line":30,"column":12},"end":{"line":30,"column":50}},"28":{"start":{"line":32,"column":10},"end":{"line":34,"column":13}},"29":{"start":{"line":36,"column":8},"end":{"line":36,"column":22}},"30":{"start":{"line":41,"column":2},"end":{"line":41,"column":25}},"31":{"start":{"line":46,"column":0},"end":{"line":46,"column":34}}},"fnMap":{"0":{"name":"(anonymous_0)","decl":{"start":{"line":7,"column":19},"end":{"line":7,"column":20}},"loc":{"start":{"line":7,"column":31},"end":{"line":7,"column":561}},"line":7},"1":{"name":"defineProperties","decl":{"start":{"line":7,"column":42},"end":{"line":7,"column":58}},"loc":{"start":{"line":7,"column":74},"end":{"line":7,"column":349}},"line":7},"2":{"name":"(anonymous_2)","decl":{"start":{"line":7,"column":357},"end":{"line":7,"column":358}},"loc":{"start":{"line":7,"column":405},"end":{"line":7,"column":558}},"line":7},"3":{"name":"_classCallCheck","decl":{"start":{"line":9,"column":9},"end":{"line":9,"column":24}},"loc":{"start":{"line":9,"column":48},"end":{"line":9,"column":153}},"line":9},"4":{"name":"(anonymous_4)","decl":{"start":{"line":11,"column":22},"end":{"line":11,"column":23}},"loc":{"start":{"line":11,"column":34},"end":{"line":42,"column":1}},"line":11},"5":{"name":"answerValidator","decl":{"start":{"line":12,"column":11},"end":{"line":12,"column":26}},"loc":{"start":{"line":12,"column":29},"end":{"line":14,"column":3}},"line":12},"6":{"name":"createAnswerValidator","decl":{"start":{"line":18,"column":20},"end":{"line":18,"column":41}},"loc":{"start":{"line":18,"column":58},"end":{"line":38,"column":5}},"line":18},"7":{"name":"(anonymous_7)","decl":{"start":{"line":29,"column":21},"end":{"line":29,"column":22}},"loc":{"start":{"line":29,"column":36},"end":{"line":31,"column":11}},"line":29}},"branchMap":{"0":{"loc":{"start":{"line":7,"column":168},"end":{"line":7,"column":198}},"type":"binary-expr","locations":[{"start":{"line":7,"column":168},"end":{"line":7,"column":189}},{"start":{"line":7,"column":193},"end":{"line":7,"column":198}}],"line":7},"1":{"loc":{"start":{"line":7,"column":232},"end":{"line":7,"column":286}},"type":"if","locations":[{"start":{"line":7,"column":232},"end":{"line":7,"column":286}},{"start":{"line":7,"column":232},"end":{"line":7,"column":286}}],"line":7},"2":{"loc":{"start":{"line":7,"column":407},"end":{"line":7,"column":475}},"type":"if","locations":[{"start":{"line":7,"column":407},"end":{"line":7,"column":475}},{"start":{"line":7,"column":407},"end":{"line":7,"column":475}}],"line":7},"3":{"loc":{"start":{"line":7,"column":476},"end":{"line":7,"column":536}},"type":"if","locations":[{"start":{"line":7,"column":476},"end":{"line":7,"column":536}},{"start":{"line":7,"column":476},"end":{"line":7,"column":536}}],"line":7},"4":{"loc":{"start":{"line":9,"column":50},"end":{"line":9,"column":151}},"type":"if","locations":[{"start":{"line":9,"column":50},"end":{"line":9,"column":151}},{"start":{"line":9,"column":50},"end":{"line":9,"column":151}}],"line":9},"5":{"loc":{"start":{"line":19,"column":6},"end":{"line":37,"column":7}},"type":"if","locations":[{"start":{"line":19,"column":6},"end":{"line":37,"column":7}},{"start":{"line":19,"column":6},"end":{"line":37,"column":7}}],"line":19},"6":{"loc":{"start":{"line":28,"column":8},"end":{"line":35,"column":9}},"type":"if","locations":[{"start":{"line":28,"column":8},"end":{"line":35,"column":9}},{"start":{"line":28,"column":8},"end":{"line":35,"column":9}}],"line":28}},"s":{"0":1,"1":1,"2":1,"3":1,"4":1,"5":1,"6":1,"7":1,"8":1,"9":1,"10":1,"11":0,"12":1,"13":1,"14":1,"15":0,"16":0,"17":1,"18":0,"19":1,"20":5,"21":1,"22":4,"23":4,"24":4,"25":4,"26":0,"27":0,"28":0,"29":4,"30":1,"31":1},"f":{"0":1,"1":1,"2":1,"3":0,"4":1,"5":0,"6":5,"7":0},"b":{"0":[1,1],"1":[1,0],"2":[0,1],"3":[1,0],"4":[0,0],"5":[1,4],"6":[0,4]},"_coverageSchema":"d34fc3e6b8297bcde183f5492bcb8fcb36775295","hash":"2da3113d70de97d73489621ab0abcf2f1b61a014","contentHash":"cba9bf28faa472aeb0b0fb6f2f4523f1"},"C:\\Users\\User\\Desktop\\andela\\overflow\\overflow-api\\overflow-api-v1\\server\\middleware\\verifyToken.js":{"path":"C:\\Users\\User\\Desktop\\andela\\overflow\\overflow-api\\overflow-api-v1\\server\\middleware\\verifyToken.js","statementMap":{"0":{"start":{"line":3,"column":0},"end":{"line":5,"column":3}},"1":{"start":{"line":7,"column":19},"end":{"line":7,"column":563}},"2":{"start":{"line":7,"column":76},"end":{"line":7,"column":347}},"3":{"start":{"line":7,"column":134},"end":{"line":7,"column":142}},"4":{"start":{"line":7,"column":144},"end":{"line":7,"column":199}},"5":{"start":{"line":7,"column":200},"end":{"line":7,"column":231}},"6":{"start":{"line":7,"column":232},"end":{"line":7,"column":286}},"7":{"start":{"line":7,"column":259},"end":{"line":7,"column":286}},"8":{"start":{"line":7,"column":287},"end":{"line":7,"column":345}},"9":{"start":{"line":7,"column":350},"end":{"line":7,"column":559}},"10":{"start":{"line":7,"column":407},"end":{"line":7,"column":475}},"11":{"start":{"line":7,"
[...]
tart":{"line":160,"column":8},"end":{"line":160,"column":62}},"86":{"start":{"line":161,"column":8},"end":{"line":161,"column":44}},"87":{"start":{"line":162,"column":8},"end":{"line":162,"column":41}},"88":{"start":{"line":163,"column":8},"end":{"line":163,"column":15}},"89":{"start":{"line":167,"column":4},"end":{"line":176,"column":7}},"90":{"start":{"line":169,"column":6},"end":{"line":175,"column":9}},"91":{"start":{"line":170,"column":8},"end":{"line":170,"column":51}},"92":{"start":{"line":171,"column":8},"end":{"line":171,"column":55}},"93":{"start":{"line":172,"column":8},"end":{"line":172,"column":50}},"94":{"start":{"line":173,"column":8},"end":{"line":173,"column":41}},"95":{"start":{"line":174,"column":8},"end":{"line":174,"column":15}},"96":{"start":{"line":178,"column":4},"end":{"line":186,"column":7}},"97":{"start":{"line":180,"column":6},"end":{"line":185,"column":9}},"98":{"start":{"line":181,"column":8},"end":{"line":181,"column":51}},"99":{"start":{"line":182,"column":8},"end":{"line":182,"column":59}},"100":{"start":{"line":183,"column":8},"end":{"line":183,"column":41}},"101":{"start":{"line":184,"column":8},"end":{"line":184,"column":15}},"102":{"start":{"line":190,"column":2},"end":{"line":231,"column":5}},"103":{"start":{"line":192,"column":4},"end":{"line":200,"column":7}},"104":{"start":{"line":194,"column":6},"end":{"line":199,"column":9}},"105":{"start":{"line":195,"column":8},"end":{"line":195,"column":58}},"106":{"start":{"line":196,"column":8},"end":{"line":196,"column":44}},"107":{"start":{"line":197,"column":8},"end":{"line":197,"column":41}},"108":{"start":{"line":198,"column":8},"end":{"line":198,"column":15}},"109":{"start":{"line":202,"column":4},"end":{"line":211,"column":7}},"110":{"start":{"line":203,"column":23},"end":{"line":203,"column":51}},"111":{"start":{"line":205,"column":6},"end":{"line":210,"column":9}},"112":{"start":{"line":206,"column":8},"end":{"line":206,"column":80}},"113":{"start":{"line":207,"column":8},"end":{"line":207,"column":44}},"114":{"start":{"line":208,"column":8},"end":{"line":208,"column":41}},"115":{"start":{"line":209,"column":8},"end":{"line":209,"column":15}},"116":{"start":{"line":213,"column":4},"end":{"line":221,"column":7}},"117":{"start":{"line":215,"column":6},"end":{"line":220,"column":9}},"118":{"start":{"line":216,"column":8},"end":{"line":216,"column":82}},"119":{"start":{"line":217,"column":8},"end":{"line":217,"column":44}},"120":{"start":{"line":218,"column":8},"end":{"line":218,"column":41}},"121":{"start":{"line":219,"column":8},"end":{"line":219,"column":15}},"122":{"start":{"line":223,"column":4},"end":{"line":230,"column":7}},"123":{"start":{"line":225,"column":6},"end":{"line":229,"column":9}},"124":{"start":{"line":226,"column":8},"end":{"line":226,"column":64}},"125":{"start":{"line":227,"column":8},"end":{"line":227,"column":41}},"126":{"start":{"line":228,"column":8},"end":{"line":228,"column":15}}},"fnMap":{"0":{"name":"_interopRequireDefault","decl":{"start":{"line":15,"column":9},"end":{"line":15,"column":31}},"loc":{"start":{"line":15,"column":37},"end":{"line":15,"column":95}},"line":15},"1":{"name":"(anonymous_1)","decl":{"start":{"line":23,"column":22},"end":{"line":23,"column":23}},"loc":{"start":{"line":23,"column":34},"end":{"line":232,"column":1}},"line":23},"2":{"name":"(anonymous_2)","decl":{"start":{"line":27,"column":29},"end":{"line":27,"column":30}},"loc":{"start":{"line":27,"column":41},"end":{"line":95,"column":3}},"line":27},"3":{"name":"(anonymous_3)","decl":{"start":{"line":28,"column":11},"end":{"line":28,"column":12}},"loc":{"start":{"line":28,"column":27},"end":{"line":37,"column":5}},"line":28},"4":{"name":"(anonymous_4)","decl":{"start":{"line":33,"column":93},"end":{"line":33,"column":94}},"loc":{"start":{"line":33,"column":113},"end":{"line":36,"column":7}},"line":33},"5":{"name":"(anonymous_5)","decl":{"start":{"line":39,"column":58},"end":{"line":39,"column":59}},"loc":{"start":{"line":39,"column":74},"end":{"line":52,"column":5}},"line":39},"6":{"name":"(anonymous_6)","decl":{"start":{"line":46,"column":88},"end":{"line":46,"column":89}},"loc":{"start":{"line":46,"column":108},"end":{"line":51,"column":7}},"line":46},"7":{"name":"(anonymous_7)","decl":{"start":{"line":54,"column":61},"end":{"line":54,"column":62}},"loc":{"start":{"line":54,"column":77},"end":{"line":66,"column":5}},"line":54},"8":{"name":"(anonymous_8)","decl":{"start":{"line":60,"column":88},"end":{"line":60,"column":89}},"loc":{"start":{"line":60,"column":108},"end":{"line":65,"column":7}},"line":60},"9":{"name":"(anonymous_9)","decl":{"start":{"line":68,"column":64},"end":{"line":68,"column":65}},"loc":{"start":{"line":68,"column":80},"end":{"line":80,"column":5}},"line":68},"10":{"name":"(anonymous_10)","decl":{"start":{"line":74,"column":121},"end":{"line":74,"column":122}},"loc":{"start":{"line":74,"column":141},"end":{"line":79,"column":7}},"line":74},"11":{"name":"(anonymous_11)","decl":{"start":{"line":82,"column":57},"end":{"line":82,"column":58}},"loc":{"start":{"line":82,"column":73},"end":{"line":94,"column":5}},"line":82},"12":{"name":"(anonymous_12)","decl":{"start":{"line":88,"column":120},"end":{"line":88,"column":121}},"loc":{"start":{"line":88,"column":140},"end":{"line":93,"column":7}},"line":88},"13":{"name":"(anonymous_13)","decl":{"start":{"line":100,"column":28},"end":{"line":100,"column":29}},"loc":{"start":{"line":100,"column":40},"end":{"line":187,"column":3}},"line":100},"14":{"name":"(anonymous_14)","decl":{"start":{"line":102,"column":69},"end":{"line":102,"column":70}},"loc":{"start":{"line":102,"column":85},"end":{"line":110,"column":5}},"line":102},"15":{"name":"(anonymous_15)","decl":{"start":{"line":104,"column":117},"end":{"line":104,"column":118}},"loc":{"start":{"line":104,"column":137},"end":{"line":109,"column":7}},"line":104},"16":{"name":"(anonymous_16)","decl":{"start":{"line":112,"column":68},"end":{"line":112,"column":69}},"loc":{"start":{"line":112,"column":84},"end":{"line":120,"column":5}},"line":112},"17":{"name":"(anonymous_17)","decl":{"start":{"line":114,"column":84},"end":{"line":114,"column":85}},"loc":{"start":{"line":114,"column":104},"end":{"line":119,"column":7}},"line":114},"18":{"name":"(anonymous_18)","decl":{"start":{"line":121,"column":58},"end":{"line":121,"column":59}},"loc":{"start":{"line":121,"column":74},"end":{"line":129,"column":5}},"line":121},"19":{"name":"(anonymous_19)","decl":{"start":{"line":123,"column":119},"end":{"line":123,"column":120}},"loc":{"start":{"line":123,"column":139},"end":{"line":128,"column":7}},"line":123},"20":{"name":"(anonymous_20)","decl":{"start":{"line":130,"column":58},"end":{"line":130,"column":59}},"loc":{"start":{"line":130,"column":74},"end":{"line":138,"column":5}},"line":130},"21":{"name":"(anonymous_21)","decl":{"start":{"line":132,"column":77},"end":{"line":132,"column":78}},"loc":{"start":{"line":132,"column":97},"end":{"line":137,"column":7}},"line":132},"22":{"name":"(anonymous_22)","decl":{"start":{"line":140,"column":59},"end":{"line":140,"column":60}},"loc":{"start":{"line":140,"column":75},"end":{"line":148,"column":5}},"line":140},"23":{"name":"(anonymous_23)","decl":{"start":{"line":142,"column":74},"end":{"line":142,"column":75}},"loc":{"start":{"line":142,"column":94},"end":{"line":147,"column":7}},"line":142},"24":{"name":"(anonymous_24)","decl":{"start":{"line":149,"column":41},"end":{"line":149,"column":42}},"loc":{"start":{"line":149,"column":57},"end":{"line":156,"column":5}},"line":149},"25":{"name":"(anonymous_25)","decl":{"start":{"line":151,"column":74},"end":{"line":151,"column":75}},"loc":{"start":{"line":151,"column":94},"end":{"line":155,"column":7}},"line":151},"26":{"name":"(anonymous_26)","decl":{"start":{"line":157,"column":77},"end":{"line":157,"column":78}},"loc":{"start":{"line":157,"column":93},"end":{"line":165,"column":5}},"line":157},"27":{"name":"(anonymous_27)","decl":{"start":{"line":159,"column":116},"end":{"line":159,"column":117}},"loc":{"start":{"line":159,"column":136},"end":{"line":164,"column":7}},"line":159},"28":{"name":"(anonymous_28)","decl":{"start":{"line":167,"column":56},"end":{"line":167,"column":57}},"loc":{"start":{"line":167,"column":72},"end":{"line":176,"column":5}},"line":167},"29":{"name":"(anonymous_29)","decl":{"start":{"line":169,"column":116},"end":{"line":169,"column":117}},"loc":{"start":{"line":169,"column":136},"end":{"line":175,"column":7}},"line":169},"30":{"name":"(anonymous_30)","decl":{"start":{"line":178,"column":35},"end":{"line":178,"column":36}},"loc":{"start":{"line":178,"column":51},"end":{"line":186,"column":5}},"line":178},"31":{"name":"(anonymous_31)","decl":{"start":{"line":180,"column":73},"end":{"line":180,"column":74}},"loc":{"start":{"line":180,"column":93},"end":{"line":185,"column":7}},"line":180},"32":{"name":"(anonymous_32)","decl":{"start":{"line":190,"column":31},"end":{"line":190,"column":32}},"loc":{"start":{"line":190,"column":43},"end":{"line":231,"column":3}},"line":190},"33":{"name":"(anonymous_33)","decl":{"start":{"line":192,"column":63},"end":{"line":192,"column":64}},"loc":{"start":{"line":192,"column":79},"end":{"line":200,"column":5}},"line":192},"34":{"name":"(anonymous_34)","decl":{"start":{"line":194,"column":77},"end":{"line":194,"column":78}},"loc":{"start":{"line":194,"column":97},"end":{"line":199,"column":7}},"line":194},"35":{"name":"(anonymous_35)","decl":{"start":{"line":202,"column":64},"end":{"line":202,"column":65}},"loc":{"start":{"line":202,"column":80},"end":{"line":211,"column":5}},"line":202},"36":{"name":"(anonymous_36)","decl":{"start":{"line":205,"column":110},"end":{"line":205,"column":111}},"loc":{"start":{"line":205,"column":130},"end":{"line":210,"column":7}},"line":205},"37":{"name":"(anonymous_37)","decl":{"start":{"line":213,"column":44},"end":{"line":213,"column":45}},"loc":{"start":{"line":213,"column":60},"end":{"line":221,"column":5}},"line":213},"38":{"name":"(anonymous_38)","decl":{"start":{"line":215,"column":109},"end":{"line":215,"column":110}},"loc":{"start":{"line":215,"column":129},"end":{"line":220,"column":7}},"line":215},"39":{"name":"(anonymous_39)","decl":{"start":{"line":223,"column":59},"end":{"line":223,"column":60}},"loc":{"start":{"line":223,"column":75},"end":{"line":230,"column":5}},"line":223},"40":{"name":"(anonymous_40)","decl":{"start":{"line":225,"column":109},"end":{"line":225,"column":110}},"loc":{"start":{"line":225,"column":129},"end":{"line":229,"column":7}},"line":225}},"branchMap":{"0":{"loc":{"start":{"line":15,"column":46},"end":{"line":15,"column":92}},"type":"cond-expr","locations":[{"start":{"line":15,"column":70},"end":{"line":15,"column":73}},{"start":{"line":15,"column":76},"end":{"line":15,"column":92}}],"line":15},"1":{"loc":{"start":{"line":15,"column":46},"end":{"line":15,"column":67}},"type":"binary-expr","locations":[{"start":{"line":15,"column":46},"end":{"line":15,"column":49}},{"start":{"line":15,"column":53},"end":{"line":15,"column":67}}],"line":15}},"s":{"0":1,"1":1,"2":1,"3":1,"4":1,"5":1,"6":3,"7":1,"8":1,"9":1,"10":1,"11":1,"12":1,"13":1,"14":1,"15":1,"16":1,"17":1,"18":1,"19":1,"20":1,"21":1,"22":1,"23":1,"24":1,"25":1,"26":1,"27":1,"28":1,"29":1,"30":1,"31":1,"32":1,"33":1,"34":1,"35":1,"36":1,"37":1,"38":1,"39":1,"40":1,"41":1,"42":1,"43":1,"44":1,"45":1,"46":1,"47":1,"48":1,"49":1,"50":1,"51":1,"52":1,"53":1,"54":1,"55":1,"56":1,"57":1,"58":1,"59":1,"60":1,"61":1,"62":1,"63":1,"64":1,"65":1,"66":1,"67":1,"68":1,"69":1,"70":1,"71":1,"72":1,"73":1,"74":1,"75":1,"76":1,"77":1,"78":1,"79":1,"80":1,"81":1,"82":1,"83":1,"84":1,"85":1,"86":1,"87":1,"88":1,"89":1,"90":1,"91":1,"92":1,"93":1,"94":1,"95":1,"96":1,"97":1,"98":1,"99":1,"100":1,"101":1,"102":1,"103":1,"104":1,"105":1,"106":1,"107":1,"108":1,"109":1,"110":1,"111":1,"112":1,"113":1,"114":1,"115":1,"116":1,"117":1,"118":1,"119":1,"120":1,"121":1,"122":1,"123":1,"124":1,"125":1,"126":1},"f":{"0":3,"1":1,"2":1,"3":1,"4":1,"5":1,"6":1,"7":1,"8":1,"9":1,"10":1,"11":1,"12":1,"13":1,"14":1,"15":1,"16":1,"17":1,"18":1,"19":1,"20":1,"21":1,"22":1,"23":1,"24":1,"25":1,"26":1,"27":1,"28":1,"29":1,"30":1,"31":1,"32":1,"33":1,"34":1,"35":1,"36":1,"37":1,"38":1,"39":1,"40":1},"b":{"0":[1,2],"1":[3,3]},"_coverageSchema":"d34fc3e6b8297bcde183f5492bcb8fcb36775295","hash":"6d6bb37d34d40d4b1c0948994b5c8a14bb15d9c0","contentHash":"ddcf2fd4e6299c25e462869e17dfc7d7"},"C:\\Users\\User\\Desktop\\andela\\overflow\\overflow-api\\overflow-api-v1\\server\\test\\controllers\\test_usersController.js":{"path":"C:\\Users\\User\\Desktop\\andela\\overflow\\overflow-api\\overflow-api-v1\\server\\test\\controllers\\test_usersController.js","statementMap":{"0":{"start":{"line":3,"column":12},"end":{"line":3,"column":27}},"1":{"start":{"line":5,"column":13},"end":{"line":5,"column":42}},"2":{"start":{"line":7,"column":16},"end":{"line":7,"column":36}},"3":{"start":{"line":9,"column":17},"end":{"line":9,"column":50}},"4":{"start":{"line":11,"column":11},"end":{"line":11,"column":34}},"5":{"start":{"line":13,"column":12},"end":{"line":13,"column":40}},"6":{"start":{"line":15,"column":39},"end":{"line":15,"column":93}},"7":{"start":{"line":17,"column":0},"end":{"line":17,"column":39}},"8":{"start":{"line":18,"column":13},"end":{"line":18,"column":34}},"9":{"start":{"line":21,"column":16},"end":{"line":21,"column":22}},"10":{"start":{"line":22,"column":0},"end":{"line":104,"column":3}},"11":{"start":{"line":23,"column":2},"end":{"line":37,"column":5}},"12":{"start":{"line":25,"column":22},"end":{"line":31,"column":5}},"13":{"start":{"line":32,"column":4},"end":{"line":36,"column":7}},"14":{"start":{"line":33,"column":6},"end":{"line":33,"column":61}},"15":{"start":{"line":34,"column":6},"end":{"line":34,"column":39}},"16":{"start":{"line":35,"column":6},"end":{"line":35,"column":13}},"17":{"start":{"line":38,"column":2},"end":{"line":54,"column":5}},"18":{"start":{"line":40,"column":22},"end":{"line":45,"column":5}},"19":{"start":{"line":46,"column":4},"end":{"line":53,"column":7}},"20":{"start":{"line":47,"column":6},"end":{"line":47,"column":64}},"21":{"start":{"line":48,"column":6},"end":{"line":48,"column":49}},"22":{"start":{"line":49,"column":6},"end":{"line":49,"column":54}},"23":{"start":{"line":50,"column":6},"end":{"line":50,"column":39}},"24":{"start":{"line":51,"column":6},"end":{"line":51,"column":33}},"25":{"start":{"line":52,"column":6},"end":{"line":52,"column":13}},"26":{"start":{"line":56,"column":2},"end":{"line":68,"column":5}},"27":{"start":{"line":58,"column":22},"end":{"line":61,"column":5}},"28":{"start":{"line":62,"column":4},"end":{"line":67,"column":7}},"29":{"start":{"line":63,"column":6},"end":{"line":63,"column":41}},"30":{"start":{"line":64,"column":6},"end":{"line":64,"column":59}},"31":{"start":{"line":65,"column":6},"end":{"line":65,"column":39}},"32":{"start":{"line":66,"column":6},"end":{"line":66,"column":13}},"33":{"start":{"line":70,"column":2},"end":{"line":85,"column":5}},"34":{"start":{"line":72,"column":22},"end":{"line":75,"column":5}},"35":{"start":{"line":76,"column":4},"end":{"line":84,"column":7}},"36":{"start":{"line":77,"column":6},"end":{"line":77,"column":41}},"37":{"start":{"line":78,"column":6},"end":{"line":78,"column":61}},"38":{"start":{"line":79,"column":6},"end":{"line":79,"column":49}},"39":{"start":{"line":80,"column":6},"end":{"line":80,"column":54}},"40":{"start":{"line":81,"column":6},"end":{"line":81,"column":39}},"41":{"start":{"line":82,"column":6},"end":{"line":82,"column":33}},"42":{"start":{"line":83,"column":6},"end":{"line":83,"column":13}},"43":{"start":{"line":87,"column":2},"end":{"line":94,"column":5}},"44":{"start":{"line":89,"column":4},"end":{"line":93,"column":7}},"45":{"start":{"line":90,"column":6},"end":{"line":90,"column":55}},"46":{"start":{"line":91,"column":6},"end":{"line":91,"column":39}},"47":{"start":{"line":92,"column":6},"end":{"line":92,"column":13}},"48":{"start":{"line":96,"column":2},"end":{"line":103,"column":5}},"49":{"start":{"line":98,"column":4},"end":{"line":102,"column":7}},"50":{"start":{"line":99,"column":6},"end":{"line":99,"column":49}},"51":{"start":{"line":100,"column":6},"end":{"line":100,"column":39}},"52":{"start":{"line":101,"column":6},"end":{"line":101,"column":13}}},"fnMap":{"0":{"name":"_interopRequireDefault","decl":{"start":{"line":15,"column":9},"end":{"line":15,"column":31}},"loc":{"start":{"line":15,"column":37},"end":{"line":15,"column":95}},"line":15},"1":{"name":"(anonymous_1)","decl":{"start":{"line":22,"column":17},"end":{"line":22,"column":18}},"loc":{"start":{"line":22,"column":29},"end":{"line":104,"column":1}},"line":22},"2":{"name":"(anonymous_2)","decl":{"start":{"line":23,"column":51},"end":{"line":23,"column":52}},"loc":{"start":{"line":23,"column":67},"end":{"line":37,"column":3}},"line":23},"3":{"name":"(anonymous_3)","decl":{"start":{"line":32,"column":92},"end":{"line":32,"column":93}},"loc":{"start":{"line":32,"column":112},"end":{"line":36,"column":5}},"line":32},"4":{"name":"(anonymous_4)","decl":{"start":{"line":38,"column":44},"end":{"line":38,"column":45}},"loc":{"start":{"line":38,"column":60},"end":{"line":54,"column":3}},"line":38},"5":{"name":"(anonymous_5)","decl":{"start":{"line":46,"column":92},"end":{"line":46,"column":93}},"loc":{"start":{"line":46,"column":112},"end":{"line":53,"column":5}},"line":46},"6":{"name":"(anonymous_6)","decl":{"start":{"line":56,"column":57},"end":{"line":56,"column":58}},"loc":{"start":{"line":56,"column":73},"end":{"line":68,"column":3}},"line":56},"7":{"name":"(anonymous_7)","decl":{"start":{"line":62,"column":91},"end":{"line":62,"column":92}},"loc":{"start":{"line":62,"column":111},"end":{"line":67,"column":5}},"line":62},"8":{"name":"(anonymous_8)","decl":{"start":{"line":70,"column":37},"end":{"line":70,"column":38}},"loc":{"start":{"line":70,"column":53},"end":{"line":85,"column":3}},"line":70},"9":{"name":"(anonymous_9)","decl":{"start":{"line":76,"column":91},"end":{"line":76,"column":92}},"loc":{"start":{"line":76,"column":111},"end":{"line":84,"column":5}},"line":76},"10":{"name":"(anonymous_10)","decl":{"start":{"line":87,"column":50},"end":{"line":87,"column":51}},"loc":{"start":{"line":87,"column":66},"end":{"line":94,"column":3}},"line":87},"11":{"name":"(anonymous_11)","decl":{"start":{"line":89,"column":69},"end":{"line":89,"column":70}},"loc":{"start":{"line":89,"column":89},"end":{"line":93,"column":5}},"line":89},"12":{"name":"(anonymous_12)","decl":{"start":{"line":96,"column":37},"end":{"line":96,"column":38}},"loc":{"start":{"line":96,"column":53},"end":{"line":103,"column":3}},"line":96},"13":{"name":"(anonymous_13)","decl":{"start":{"line":98,"column":68},"end":{"line":98,"column":69}},"loc":{"start":{"line":98,"column":88},"end":{"line":102,"column":5}},"line":98}},"branchMap":{"0":{"loc":{"start":{"line":15,"column":46},"end":{"line":15,"column":92}},"type":"cond-expr","locations":[{"start":{"line":15,"column":70},"end":{"line":15,"column":73}},{"start":{"line":15,"column":76},"end":{"line":15,"column":92}}],"line":15},"1":{"loc":{"start":{"line":15,"column":46},"end":{"line":15,"column":67}},"type":"binary-expr","locations":[{"start":{"line":15,"column":46},"end":{"line":15,"column":49}},{"start":{"line":15,"column":53},"end":{"line":15,"column":67}}],"line":15}},"s":{"0":1,"1":1,"2":1,"3":1,"4":1,"5":1,"6":3,"7":1,"8":1,"9":1,"10":1,"11":1,"12":1,"13":1,"14":1,"15":1,"16":1,"17":1,"18":1,"19":1,"20":1,"21":1,"22":1,"23":1,"24":1,"25":1,"26":1,"27":1,"28":1,"29":1,"30":1,"31":1,"32":1,"33":1,"34":1,"35":1,"36":1,"37":1,"38":1,"39":1,"40":1,"41":1,"42":1,"43":1,"44":1,"45":1,"46":1,"47":1,"48":1,"49":1,"50":1,"51":1,"52":1},"f":{"0":3,"1":1,"2":1,"3":1,"4":1,"5":1,"6":1,"7":1,"8":1,"9":1,"10":1,"11":1,"12":1,"13":1},"b":{"0":[1,2],"1":[3,3]},"_coverageSchema":"d34fc3e6b8297bcde183f5492bcb8fcb36775295","hash":"edfc1fafcbf6c5aa25ec118d7887f52d1200e2d0","contentHash":"68feca38f272aca0694da5e7c8250169"}}